::1 - - [Sat, 27 Feb 2016 05:21:15 GMT] "GET / HTTP/1.1" 304 - "http://localhost:3000/u/peter/2016-2-26/[%E8%BD%AC%E8%BD%BD]Yuechen%20is%20a%20Kerener" "Mozilla/5.0 (Macintosh; Intel Mac OS X 10_11_2) AppleWebKit/537.36 (KHTML, like Gecko) Chrome/48.0.2564.116 Safari/537.36"
::1 - - [Sat, 27 Feb 2016 05:21:15 GMT] "GET /stylesheets/style.css HTTP/1.1" 304 - "http://localhost:3000/" "Mozilla/5.0 (Macintosh; Intel Mac OS X 10_11_2) AppleWebKit/537.36 (KHTML, like Gecko) Chrome/48.0.2564.116 Safari/537.36"
::1 - - [Sat, 27 Feb 2016 05:21:17 GMT] "GET / HTTP/1.1" 304 - "http://localhost:3000/" "Mozilla/5.0 (Macintosh; Intel Mac OS X 10_11_2) AppleWebKit/537.36 (KHTML, like Gecko) Chrome/48.0.2564.116 Safari/537.36"
::1 - - [Sat, 27 Feb 2016 05:21:17 GMT] "GET /stylesheets/style.css HTTP/1.1" 304 - "http://localhost:3000/" "Mozilla/5.0 (Macintosh; Intel Mac OS X 10_11_2) AppleWebKit/537.36 (KHTML, like Gecko) Chrome/48.0.2564.116 Safari/537.36"
::1 - - [Sat, 27 Feb 2016 05:24:47 GMT] "GET / HTTP/1.1" 200 789 "-" "Mozilla/5.0 (Macintosh; Intel Mac OS X 10_11_2) AppleWebKit/537.36 (KHTML, like Gecko) Chrome/48.0.2564.116 Safari/537.36"
::1 - - [Sat, 27 Feb 2016 05:24:47 GMT] "GET /stylesheets/style.css HTTP/1.1" 304 - "http://localhost:3000/" "Mozilla/5.0 (Macintosh; Intel Mac OS X 10_11_2) AppleWebKit/537.36 (KHTML, like Gecko) Chrome/48.0.2564.116 Safari/537.36"
::ffff:192.168.1.194 - - [Sat, 27 Feb 2016 05:25:27 GMT] "GET / HTTP/1.1" 200 789 "-" "Mozilla/5.0 (iPhone; CPU iPhone OS 9_2_1 like Mac OS X) AppleWebKit/601.1.46 (KHTML, like Gecko) Version/9.0 Mobile/13D15 Safari/601.1"
::ffff:192.168.1.194 - - [Sat, 27 Feb 2016 05:25:27 GMT] "GET /apple-touch-icon-120x120-precomposed.png HTTP/1.1" 200 215 "-" "Mozilla/5.0 (iPhone; CPU iPhone OS 9_2_1 like Mac OS X) AppleWebKit/601.1.46 (KHTML, like Gecko) Version/9.0 Mobile/13D15 Safari/601.1"
::ffff:192.168.1.194 - - [Sat, 27 Feb 2016 05:25:27 GMT] "GET /apple-touch-icon-120x120.png HTTP/1.1" 200 215 "-" "Mozilla/5.0 (iPhone; CPU iPhone OS 9_2_1 like Mac OS X) AppleWebKit/601.1.46 (KHTML, like Gecko) Version/9.0 Mobile/13D15 Safari/601.1"
::ffff:192.168.1.194 - - [Sat, 27 Feb 2016 05:25:28 GMT] "GET /apple-touch-icon.png HTTP/1.1" 200 215 "-" "Mozilla/5.0 (iPhone; CPU iPhone OS 9_2_1 like Mac OS X) AppleWebKit/601.1.46 (KHTML, like Gecko) Version/9.0 Mobile/13D15 Safari/601.1"
::ffff:192.168.1.194 - - [Sat, 27 Feb 2016 05:25:28 GMT] "GET /apple-touch-icon.png HTTP/1.1" 304 - "-" "Mozilla/5.0 (iPhone; CPU iPhone OS 9_2_1 like Mac OS X) AppleWebKit/601.1.46 (KHTML, like Gecko) Version/9.0 Mobile/13D15 Safari/601.1"
::ffff:192.168.1.194 - - [Sat, 27 Feb 2016 05:25:28 GMT] "GET /apple-touch-icon-precomposed.png HTTP/1.1" 200 215 "-" "Mozilla/5.0 (iPhone; CPU iPhone OS 9_2_1 like Mac OS X) AppleWebKit/601.1.46 (KHTML, like Gecko) Version/9.0 Mobile/13D15 Safari/601.1"
::ffff:192.168.1.194 - - [Sat, 27 Feb 2016 05:25:28 GMT] "GET /favicon.ico HTTP/1.1" 200 215 "-" "Mozilla/5.0 (iPhone; CPU iPhone OS 9_2_1 like Mac OS X) AppleWebKit/601.1.46 (KHTML, like Gecko) Version/9.0 Mobile/13D15 Safari/601.1"
::ffff:192.168.1.194 - - [Sat, 27 Feb 2016 05:25:35 GMT] "GET / HTTP/1.1" 304 - "-" "Mozilla/5.0 (iPhone; CPU iPhone OS 9_2_1 like Mac OS X) AppleWebKit/601.1.46 (KHTML, like Gecko) Version/9.0 Mobile/13D15 Safari/601.1"
::ffff:192.168.1.194 - - [Sat, 27 Feb 2016 05:25:35 GMT] "GET /stylesheets/style.css HTTP/1.1" 304 - "http://192.168.1.192:3000/" "Mozilla/5.0 (iPhone; CPU iPhone OS 9_2_1 like Mac OS X) AppleWebKit/601.1.46 (KHTML, like Gecko) Version/9.0 Mobile/13D15 Safari/601.1"
::1 - - [Sat, 27 Feb 2016 05:26:58 GMT] "GET / HTTP/1.1" 304 - "http://localhost:3000/" "Mozilla/5.0 (Macintosh; Intel Mac OS X 10_11_2) AppleWebKit/537.36 (KHTML, like Gecko) Chrome/48.0.2564.116 Safari/537.36"
::1 - - [Sat, 27 Feb 2016 05:26:58 GMT] "GET /stylesheets/style.css HTTP/1.1" 304 - "http://localhost:3000/" "Mozilla/5.0 (Macintosh; Intel Mac OS X 10_11_2) AppleWebKit/537.36 (KHTML, like Gecko) Chrome/48.0.2564.116 Safari/537.36"
::1 - - [Sat, 27 Feb 2016 05:27:00 GMT] "GET /tags HTTP/1.1" 200 758 "http://localhost:3000/" "Mozilla/5.0 (Macintosh; Intel Mac OS X 10_11_2) AppleWebKit/537.36 (KHTML, like Gecko) Chrome/48.0.2564.116 Safari/537.36"
::1 - - [Sat, 27 Feb 2016 05:27:01 GMT] "GET /stylesheets/style.css HTTP/1.1" 304 - "http://localhost:3000/tags" "Mozilla/5.0 (Macintosh; Intel Mac OS X 10_11_2) AppleWebKit/537.36 (KHTML, like Gecko) Chrome/48.0.2564.116 Safari/537.36"
::1 - - [Sat, 27 Feb 2016 05:27:01 GMT] "GET /links HTTP/1.1" 200 1105 "http://localhost:3000/tags" "Mozilla/5.0 (Macintosh; Intel Mac OS X 10_11_2) AppleWebKit/537.36 (KHTML, like Gecko) Chrome/48.0.2564.116 Safari/537.36"
::1 - - [Sat, 27 Feb 2016 05:27:01 GMT] "GET /stylesheets/style.css HTTP/1.1" 304 - "http://localhost:3000/links" "Mozilla/5.0 (Macintosh; Intel Mac OS X 10_11_2) AppleWebKit/537.36 (KHTML, like Gecko) Chrome/48.0.2564.116 Safari/537.36"
::1 - - [Sat, 27 Feb 2016 05:27:02 GMT] "GET /login HTTP/1.1" 200 945 "http://localhost:3000/links" "Mozilla/5.0 (Macintosh; Intel Mac OS X 10_11_2) AppleWebKit/537.36 (KHTML, like Gecko) Chrome/48.0.2564.116 Safari/537.36"
::1 - - [Sat, 27 Feb 2016 05:27:02 GMT] "GET /stylesheets/style.css HTTP/1.1" 304 - "http://localhost:3000/login" "Mozilla/5.0 (Macintosh; Intel Mac OS X 10_11_2) AppleWebKit/537.36 (KHTML, like Gecko) Chrome/48.0.2564.116 Safari/537.36"
::1 - - [Sat, 27 Feb 2016 05:27:03 GMT] "GET /reg HTTP/1.1" 200 1080 "http://localhost:3000/login" "Mozilla/5.0 (Macintosh; Intel Mac OS X 10_11_2) AppleWebKit/537.36 (KHTML, like Gecko) Chrome/48.0.2564.116 Safari/537.36"
::1 - - [Sat, 27 Feb 2016 05:27:03 GMT] "GET /stylesheets/style.css HTTP/1.1" 304 - "http://localhost:3000/reg" "Mozilla/5.0 (Macintosh; Intel Mac OS X 10_11_2) AppleWebKit/537.36 (KHTML, like Gecko) Chrome/48.0.2564.116 Safari/537.36"
::1 - - [Sat, 27 Feb 2016 05:27:04 GMT] "GET / HTTP/1.1" 304 - "http://localhost:3000/reg" "Mozilla/5.0 (Macintosh; Intel Mac OS X 10_11_2) AppleWebKit/537.36 (KHTML, like Gecko) Chrome/48.0.2564.116 Safari/537.36"
::1 - - [Sat, 27 Feb 2016 05:27:05 GMT] "GET /stylesheets/style.css HTTP/1.1" 304 - "http://localhost:3000/" "Mozilla/5.0 (Macintosh; Intel Mac OS X 10_11_2) AppleWebKit/537.36 (KHTML, like Gecko) Chrome/48.0.2564.116 Safari/537.36"
::ffff:192.168.1.194 - - [Sat, 27 Feb 2016 05:33:49 GMT] "GET / HTTP/1.1" 304 - "-" "Mozilla/5.0 (iPhone; CPU iPhone OS 9_2_1 like Mac OS X) AppleWebKit/601.1.46 (KHTML, like Gecko) Version/9.0 Mobile/13D15 Safari/601.1"
::ffff:192.168.1.194 - - [Sat, 27 Feb 2016 05:33:49 GMT] "GET /stylesheets/style.css HTTP/1.1" 304 - "http://192.168.1.192:3000/" "Mozilla/5.0 (iPhone; CPU iPhone OS 9_2_1 like Mac OS X) AppleWebKit/601.1.46 (KHTML, like Gecko) Version/9.0 Mobile/13D15 Safari/601.1"
::ffff:192.168.1.192 - - [Sat, 27 Feb 2016 05:35:40 GMT] "GET / HTTP/1.1" 200 789 "-" "Mozilla/5.0 (Macintosh; Intel Mac OS X 10_11_2) AppleWebKit/537.36 (KHTML, like Gecko) Chrome/48.0.2564.116 Safari/537.36"
::ffff:192.168.1.192 - - [Sat, 27 Feb 2016 05:35:40 GMT] "GET /stylesheets/style.css HTTP/1.1" 200 1980 "http://192.168.1.192:3000/" "Mozilla/5.0 (Macintosh; Intel Mac OS X 10_11_2) AppleWebKit/537.36 (KHTML, like Gecko) Chrome/48.0.2564.116 Safari/537.36"
::ffff:192.168.1.192 - - [Sat, 27 Feb 2016 05:35:40 GMT] "GET /favicon.ico HTTP/1.1" 200 215 "http://192.168.1.192:3000/" "Mozilla/5.0 (Macintosh; Intel Mac OS X 10_11_2) AppleWebKit/537.36 (KHTML, like Gecko) Chrome/48.0.2564.116 Safari/537.36"
::ffff:192.168.1.192 - - [Sat, 27 Feb 2016 05:36:46 GMT] "GET /favicon.ico HTTP/1.1" 304 - "http://192.168.1.192:3000/" "Mozilla/5.0 (Macintosh; Intel Mac OS X 10_11_2) AppleWebKit/537.36 (KHTML, like Gecko) Chrome/48.0.2564.116 Safari/537.36"
::ffff:192.168.1.194 - - [Sat, 27 Feb 2016 05:38:11 GMT] "GET / HTTP/1.1" 200 789 "-" "Mozilla/5.0 (iPhone; CPU iPhone OS 9_2_1 like Mac OS X) AppleWebKit/601.1 (KHTML, like Gecko) CriOS/48.0.2564.104 Mobile/13D15 Safari/601.1.46"
::ffff:192.168.1.194 - - [Sat, 27 Feb 2016 05:38:12 GMT] "GET /stylesheets/style.css HTTP/1.1" 200 1980 "http://192.168.1.192:3000/" "Mozilla/5.0 (iPhone; CPU iPhone OS 9_2_1 like Mac OS X) AppleWebKit/601.1 (KHTML, like Gecko) CriOS/48.0.2564.104 Mobile/13D15 Safari/601.1.46"
::ffff:192.168.1.194 - - [Sat, 27 Feb 2016 05:38:12 GMT] "GET /favicon.ico HTTP/1.1" 200 215 "-" "Mozilla/5.0 (iPhone; CPU iPhone OS 9_2_1 like Mac OS X) AppleWebKit/601.1 (KHTML, like Gecko) CriOS/48.0.2564.104 Mobile/13D15 Safari/601.1.46"
::1 - - [Sat, 27 Feb 2016 05:39:08 GMT] "GET / HTTP/1.1" 304 - "-" "Mozilla/5.0 (Macintosh; Intel Mac OS X 10_11_2) AppleWebKit/537.36 (KHTML, like Gecko) Chrome/48.0.2564.116 Safari/537.36"
::1 - - [Sat, 27 Feb 2016 05:39:08 GMT] "GET /stylesheets/style.css HTTP/1.1" 200 1980 "http://localhost:3000/" "Mozilla/5.0 (Macintosh; Intel Mac OS X 10_11_2) AppleWebKit/537.36 (KHTML, like Gecko) Chrome/48.0.2564.116 Safari/537.36"
::1 - - [Sat, 27 Feb 2016 05:41:14 GMT] "GET /reg HTTP/1.1" 304 - "http://localhost:3000/" "Mozilla/5.0 (Macintosh; Intel Mac OS X 10_11_2) AppleWebKit/537.36 (KHTML, like Gecko) Chrome/48.0.2564.116 Safari/537.36"
::1 - - [Sat, 27 Feb 2016 05:41:14 GMT] "GET /stylesheets/style.css HTTP/1.1" 304 - "http://localhost:3000/reg" "Mozilla/5.0 (Macintosh; Intel Mac OS X 10_11_2) AppleWebKit/537.36 (KHTML, like Gecko) Chrome/48.0.2564.116 Safari/537.36"
::1 - - [Sat, 27 Feb 2016 05:41:20 GMT] "POST /reg HTTP/1.1" 302 46 "http://localhost:3000/reg" "Mozilla/5.0 (Macintosh; Intel Mac OS X 10_11_2) AppleWebKit/537.36 (KHTML, like Gecko) Chrome/48.0.2564.116 Safari/537.36"
::1 - - [Sat, 27 Feb 2016 05:41:20 GMT] "GET / HTTP/1.1" 200 883 "http://localhost:3000/reg" "Mozilla/5.0 (Macintosh; Intel Mac OS X 10_11_2) AppleWebKit/537.36 (KHTML, like Gecko) Chrome/48.0.2564.116 Safari/537.36"
::1 - - [Sat, 27 Feb 2016 05:41:20 GMT] "GET /stylesheets/style.css HTTP/1.1" 304 - "http://localhost:3000/" "Mozilla/5.0 (Macintosh; Intel Mac OS X 10_11_2) AppleWebKit/537.36 (KHTML, like Gecko) Chrome/48.0.2564.116 Safari/537.36"
::1 - - [Sat, 27 Feb 2016 05:41:25 GMT] "GET /post HTTP/1.1" 200 1174 "http://localhost:3000/" "Mozilla/5.0 (Macintosh; Intel Mac OS X 10_11_2) AppleWebKit/537.36 (KHTML, like Gecko) Chrome/48.0.2564.116 Safari/537.36"
::1 - - [Sat, 27 Feb 2016 05:41:25 GMT] "GET /stylesheets/style.css HTTP/1.1" 304 - "http://localhost:3000/post" "Mozilla/5.0 (Macintosh; Intel Mac OS X 10_11_2) AppleWebKit/537.36 (KHTML, like Gecko) Chrome/48.0.2564.116 Safari/537.36"
::1 - - [Sat, 27 Feb 2016 05:42:50 GMT] "POST /post HTTP/1.1" 302 46 "http://localhost:3000/post" "Mozilla/5.0 (Macintosh; Intel Mac OS X 10_11_2) AppleWebKit/537.36 (KHTML, like Gecko) Chrome/48.0.2564.116 Safari/537.36"
::1 - - [Sat, 27 Feb 2016 05:42:50 GMT] "GET / HTTP/1.1" 200 1372 "http://localhost:3000/post" "Mozilla/5.0 (Macintosh; Intel Mac OS X 10_11_2) AppleWebKit/537.36 (KHTML, like Gecko) Chrome/48.0.2564.116 Safari/537.36"
::1 - - [Sat, 27 Feb 2016 05:42:50 GMT] "GET /stylesheets/style.css HTTP/1.1" 304 - "http://localhost:3000/" "Mozilla/5.0 (Macintosh; Intel Mac OS X 10_11_2) AppleWebKit/537.36 (KHTML, like Gecko) Chrome/48.0.2564.116 Safari/537.36"
::1 - - [Sat, 27 Feb 2016 05:42:54 GMT] "GET /u/bingkunyang/2016-2-26/Yuechen%20is%20a%20Kerener HTTP/1.1" 200 1857 "http://localhost:3000/" "Mozilla/5.0 (Macintosh; Intel Mac OS X 10_11_2) AppleWebKit/537.36 (KHTML, like Gecko) Chrome/48.0.2564.116 Safari/537.36"
::1 - - [Sat, 27 Feb 2016 05:42:54 GMT] "GET /stylesheets/style.css HTTP/1.1" 304 - "http://localhost:3000/u/bingkunyang/2016-2-26/Yuechen%20is%20a%20Kerener" "Mozilla/5.0 (Macintosh; Intel Mac OS X 10_11_2) AppleWebKit/537.36 (KHTML, like Gecko) Chrome/48.0.2564.116 Safari/537.36"
::1 - - [Sat, 27 Feb 2016 05:42:55 GMT] "GET /edit/bingkunyang/2016-2-26/Yuechen%20is%20a%20Kerener HTTP/1.1" 200 1343 "http://localhost:3000/u/bingkunyang/2016-2-26/Yuechen%20is%20a%20Kerener" "Mozilla/5.0 (Macintosh; Intel Mac OS X 10_11_2) AppleWebKit/537.36 (KHTML, like Gecko) Chrome/48.0.2564.116 Safari/537.36"
::1 - - [Sat, 27 Feb 2016 05:42:55 GMT] "GET /stylesheets/style.css HTTP/1.1" 304 - "http://localhost:3000/edit/bingkunyang/2016-2-26/Yuechen%20is%20a%20Kerener" "Mozilla/5.0 (Macintosh; Intel Mac OS X 10_11_2) AppleWebKit/537.36 (KHTML, like Gecko) Chrome/48.0.2564.116 Safari/537.36"
::1 - - [Sat, 27 Feb 2016 05:43:13 GMT] "POST /edit/bingkunyang/2016-2-26/Yuechen%20is%20a%20Kerener HTTP/1.1" 302 146 "http://localhost:3000/edit/bingkunyang/2016-2-26/Yuechen%20is%20a%20Kerener" "Mozilla/5.0 (Macintosh; Intel Mac OS X 10_11_2) AppleWebKit/537.36 (KHTML, like Gecko) Chrome/48.0.2564.116 Safari/537.36"
::1 - - [Sat, 27 Feb 2016 05:43:13 GMT] "GET /u/bingkunyang/2016-2-26/Yuechen%20is%20a%20Kerener HTTP/1.1" 200 1930 "http://localhost:3000/edit/bingkunyang/2016-2-26/Yuechen%20is%20a%20Kerener" "Mozilla/5.0 (Macintosh; Intel Mac OS X 10_11_2) AppleWebKit/537.36 (KHTML, like Gecko) Chrome/48.0.2564.116 Safari/537.36"
::1 - - [Sat, 27 Feb 2016 05:43:14 GMT] "GET /stylesheets/style.css HTTP/1.1" 304 - "http://localhost:3000/u/bingkunyang/2016-2-26/Yuechen%20is%20a%20Kerener" "Mozilla/5.0 (Macintosh; Intel Mac OS X 10_11_2) AppleWebKit/537.36 (KHTML, like Gecko) Chrome/48.0.2564.116 Safari/537.36"
::1 - - [Sat, 27 Feb 2016 05:49:57 GMT] "GET /u/bingkunyang/2016-2-26/Yuechen%20is%20a%20Kerener HTTP/1.1" 200 1896 "http://localhost:3000/edit/bingkunyang/2016-2-26/Yuechen%20is%20a%20Kerener" "Mozilla/5.0 (Macintosh; Intel Mac OS X 10_11_2) AppleWebKit/537.36 (KHTML, like Gecko) Chrome/48.0.2564.116 Safari/537.36"
::1 - - [Sat, 27 Feb 2016 05:49:57 GMT] "GET /stylesheets/style.css HTTP/1.1" 304 - "http://localhost:3000/u/bingkunyang/2016-2-26/Yuechen%20is%20a%20Kerener" "Mozilla/5.0 (Macintosh; Intel Mac OS X 10_11_2) AppleWebKit/537.36 (KHTML, like Gecko) Chrome/48.0.2564.116 Safari/537.36"
::1 - - [Sat, 27 Feb 2016 05:50:07 GMT] "POST /u/bingkunyang/2016-2-26/Yuechen%20is%20a%20Kerener HTTP/1.1" 302 188 "http://localhost:3000/u/bingkunyang/2016-2-26/Yuechen%20is%20a%20Kerener" "Mozilla/5.0 (Macintosh; Intel Mac OS X 10_11_2) AppleWebKit/537.36 (KHTML, like Gecko) Chrome/48.0.2564.116 Safari/537.36"
::1 - - [Sat, 27 Feb 2016 05:50:07 GMT] "GET /u/bingkunyang/2016-2-26/Yuechen%20is%20a%20Kerener HTTP/1.1" 200 2201 "http://localhost:3000/u/bingkunyang/2016-2-26/Yuechen%20is%20a%20Kerener" "Mozilla/5.0 (Macintosh; Intel Mac OS X 10_11_2) AppleWebKit/537.36 (KHTML, like Gecko) Chrome/48.0.2564.116 Safari/537.36"
::1 - - [Sat, 27 Feb 2016 05:50:07 GMT] "GET /stylesheets/style.css HTTP/1.1" 304 - "http://localhost:3000/u/bingkunyang/2016-2-26/Yuechen%20is%20a%20Kerener" "Mozilla/5.0 (Macintosh; Intel Mac OS X 10_11_2) AppleWebKit/537.36 (KHTML, like Gecko) Chrome/48.0.2564.116 Safari/537.36"
::1 - - [Sat, 27 Feb 2016 05:55:26 GMT] "GET /edit/bingkunyang/2016-2-26/Yuechen%20is%20a%20Kerener HTTP/1.1" 200 1364 "-" "Mozilla/5.0 (Macintosh; Intel Mac OS X 10_11_2) AppleWebKit/537.36 (KHTML, like Gecko) Chrome/48.0.2564.116 Safari/537.36"
::1 - - [Sat, 27 Feb 2016 05:56:17 GMT] "POST /edit/bingkunyang/2016-2-26/Yuechen%20is%20a%20Kerener HTTP/1.1" 302 146 "http://localhost:3000/edit/bingkunyang/2016-2-26/Yuechen%20is%20a%20Kerener" "Mozilla/5.0 (Macintosh; Intel Mac OS X 10_11_2) AppleWebKit/537.36 (KHTML, like Gecko) Chrome/48.0.2564.116 Safari/537.36"
::1 - - [Sat, 27 Feb 2016 05:56:17 GMT] "GET /u/bingkunyang/2016-2-26/Yuechen%20is%20a%20Kerener HTTP/1.1" 200 2202 "http://localhost:3000/edit/bingkunyang/2016-2-26/Yuechen%20is%20a%20Kerener" "Mozilla/5.0 (Macintosh; Intel Mac OS X 10_11_2) AppleWebKit/537.36 (KHTML, like Gecko) Chrome/48.0.2564.116 Safari/537.36"
::1 - - [Sat, 27 Feb 2016 05:56:18 GMT] "GET /stylesheets/style.css HTTP/1.1" 304 - "http://localhost:3000/u/bingkunyang/2016-2-26/Yuechen%20is%20a%20Kerener" "Mozilla/5.0 (Macintosh; Intel Mac OS X 10_11_2) AppleWebKit/537.36 (KHTML, like Gecko) Chrome/48.0.2564.116 Safari/537.36"
::1 - - [Sat, 27 Feb 2016 06:02:22 GMT] "GET /u/bingkunyang/2016-2-26/Yuechen%20is%20a%20Kerener HTTP/1.1" 200 2168 "http://localhost:3000/edit/bingkunyang/2016-2-26/Yuechen%20is%20a%20Kerener" "Mozilla/5.0 (Macintosh; Intel Mac OS X 10_11_2) AppleWebKit/537.36 (KHTML, like Gecko) Chrome/48.0.2564.116 Safari/537.36"
::1 - - [Sat, 27 Feb 2016 06:02:23 GMT] "GET /stylesheets/style.css HTTP/1.1" 304 - "http://localhost:3000/u/bingkunyang/2016-2-26/Yuechen%20is%20a%20Kerener" "Mozilla/5.0 (Macintosh; Intel Mac OS X 10_11_2) AppleWebKit/537.36 (KHTML, like Gecko) Chrome/48.0.2564.116 Safari/537.36"
::1 - - [Sat, 27 Feb 2016 06:02:27 GMT] "GET /edit/bingkunyang/2016-2-26/Yuechen%20is%20a%20Kerener HTTP/1.1" 200 1365 "http://localhost:3000/u/bingkunyang/2016-2-26/Yuechen%20is%20a%20Kerener" "Mozilla/5.0 (Macintosh; Intel Mac OS X 10_11_2) AppleWebKit/537.36 (KHTML, like Gecko) Chrome/48.0.2564.116 Safari/537.36"
::1 - - [Sat, 27 Feb 2016 06:02:27 GMT] "GET /stylesheets/style.css HTTP/1.1" 304 - "http://localhost:3000/edit/bingkunyang/2016-2-26/Yuechen%20is%20a%20Kerener" "Mozilla/5.0 (Macintosh; Intel Mac OS X 10_11_2) AppleWebKit/537.36 (KHTML, like Gecko) Chrome/48.0.2564.116 Safari/537.36"
::1 - - [Sat, 27 Feb 2016 06:02:30 GMT] "POST /edit/bingkunyang/2016-2-26/Yuechen%20is%20a%20Kerener HTTP/1.1" 302 146 "http://localhost:3000/edit/bingkunyang/2016-2-26/Yuechen%20is%20a%20Kerener" "Mozilla/5.0 (Macintosh; Intel Mac OS X 10_11_2) AppleWebKit/537.36 (KHTML, like Gecko) Chrome/48.0.2564.116 Safari/537.36"
::1 - - [Sat, 27 Feb 2016 06:02:30 GMT] "GET /u/bingkunyang/2016-2-26/Yuechen%20is%20a%20Kerener HTTP/1.1" 200 2201 "http://localhost:3000/edit/bingkunyang/2016-2-26/Yuechen%20is%20a%20Kerener" "Mozilla/5.0 (Macintosh; Intel Mac OS X 10_11_2) AppleWebKit/537.36 (KHTML, like Gecko) Chrome/48.0.2564.116 Safari/537.36"
::1 - - [Sat, 27 Feb 2016 06:02:30 GMT] "GET /stylesheets/style.css HTTP/1.1" 304 - "http://localhost:3000/u/bingkunyang/2016-2-26/Yuechen%20is%20a%20Kerener" "Mozilla/5.0 (Macintosh; Intel Mac OS X 10_11_2) AppleWebKit/537.36 (KHTML, like Gecko) Chrome/48.0.2564.116 Safari/537.36"
::ffff:192.168.1.194 - - [Sat, 27 Feb 2016 06:03:18 GMT] "GET / HTTP/1.1" 200 1317 "-" "Mozilla/5.0 (iPhone; CPU iPhone OS 9_2_1 like Mac OS X) AppleWebKit/601.1.46 (KHTML, like Gecko) Version/9.0 Mobile/13D15 Safari/601.1"
::ffff:192.168.1.194 - - [Sat, 27 Feb 2016 06:03:18 GMT] "GET /stylesheets/style.css HTTP/1.1" 304 - "http://192.168.1.192:3000/" "Mozilla/5.0 (iPhone; CPU iPhone OS 9_2_1 like Mac OS X) AppleWebKit/601.1.46 (KHTML, like Gecko) Version/9.0 Mobile/13D15 Safari/601.1"
::ffff:192.168.1.194 - - [Sat, 27 Feb 2016 06:04:39 GMT] "GET / HTTP/1.1" 200 1317 "-" "Mozilla/5.0 (iPhone; CPU iPhone OS 9_2_1 like Mac OS X) AppleWebKit/601.1.46 (KHTML, like Gecko) Version/9.0 Mobile/13D15 Safari/601.1"
::ffff:192.168.1.194 - - [Sat, 27 Feb 2016 06:04:39 GMT] "GET /stylesheets/style.css HTTP/1.1" 304 - "http://192.168.1.192:3000/" "Mozilla/5.0 (iPhone; CPU iPhone OS 9_2_1 like Mac OS X) AppleWebKit/601.1.46 (KHTML, like Gecko) Version/9.0 Mobile/13D15 Safari/601.1"
::1 - - [Sun, 28 Feb 2016 04:02:02 GMT] "GET / HTTP/1.1" 200 1372 "-" "Mozilla/5.0 (Macintosh; Intel Mac OS X 10_11_2) AppleWebKit/537.36 (KHTML, like Gecko) Chrome/48.0.2564.116 Safari/537.36"
::1 - - [Sun, 28 Feb 2016 04:02:02 GMT] "GET /stylesheets/style.css HTTP/1.1" 304 - "http://localhost:3000/" "Mozilla/5.0 (Macintosh; Intel Mac OS X 10_11_2) AppleWebKit/537.36 (KHTML, like Gecko) Chrome/48.0.2564.116 Safari/537.36"
::1 - - [Sun, 28 Feb 2016 04:02:02 GMT] "GET /favicon.ico HTTP/1.1" 200 215 "http://localhost:3000/" "Mozilla/5.0 (Macintosh; Intel Mac OS X 10_11_2) AppleWebKit/537.36 (KHTML, like Gecko) Chrome/48.0.2564.116 Safari/537.36"
::1 - - [Sun, 28 Feb 2016 04:02:07 GMT] "GET / HTTP/1.1" 304 - "-" "Mozilla/5.0 (Macintosh; Intel Mac OS X 10_11_2) AppleWebKit/537.36 (KHTML, like Gecko) Chrome/48.0.2564.116 Safari/537.36"
::1 - - [Sun, 28 Feb 2016 04:02:07 GMT] "GET /stylesheets/style.css HTTP/1.1" 304 - "http://localhost:3000/" "Mozilla/5.0 (Macintosh; Intel Mac OS X 10_11_2) AppleWebKit/537.36 (KHTML, like Gecko) Chrome/48.0.2564.116 Safari/537.36"
::1 - - [Sun, 28 Feb 2016 04:02:08 GMT] "GET /favicon.ico HTTP/1.1" 200 215 "http://localhost:3000/" "Mozilla/5.0 (Macintosh; Intel Mac OS X 10_11_2) AppleWebKit/537.36 (KHTML, like Gecko) Chrome/48.0.2564.116 Safari/537.36"
::1 - - [Sun, 28 Feb 2016 04:02:21 GMT] "GET /u/bingkunyang/2016-2-26/Yuechen%20is%20a%20Kerener HTTP/1.1" 200 2158 "http://localhost:3000/" "Mozilla/5.0 (Macintosh; Intel Mac OS X 10_11_2) AppleWebKit/537.36 (KHTML, like Gecko) Chrome/48.0.2564.116 Safari/537.36"
::1 - - [Sun, 28 Feb 2016 04:02:21 GMT] "GET /stylesheets/style.css HTTP/1.1" 304 - "http://localhost:3000/u/bingkunyang/2016-2-26/Yuechen%20is%20a%20Kerener" "Mozilla/5.0 (Macintosh; Intel Mac OS X 10_11_2) AppleWebKit/537.36 (KHTML, like Gecko) Chrome/48.0.2564.116 Safari/537.36"
::1 - - [Sun, 28 Feb 2016 04:02:21 GMT] "GET /favicon.ico HTTP/1.1" 304 - "http://localhost:3000/u/bingkunyang/2016-2-26/Yuechen%20is%20a%20Kerener" "Mozilla/5.0 (Macintosh; Intel Mac OS X 10_11_2) AppleWebKit/537.36 (KHTML, like Gecko) Chrome/48.0.2564.116 Safari/537.36"
::1 - - [Mon, 29 Feb 2016 23:24:53 GMT] "GET / HTTP/1.1" 500 1749 "-" "Mozilla/5.0 (Macintosh; Intel Mac OS X 10_11_2) AppleWebKit/537.36 (KHTML, like Gecko) Chrome/48.0.2564.116 Safari/537.36"
::1 - - [Mon, 29 Feb 2016 23:24:53 GMT] "GET / HTTP/1.1" 500 1749 "-" "Mozilla/5.0 (Macintosh; Intel Mac OS X 10_11_2) AppleWebKit/537.36 (KHTML, like Gecko) Chrome/48.0.2564.116 Safari/537.36"
::1 - - [Mon, 29 Feb 2016 23:24:54 GMT] "GET /favicon.ico HTTP/1.1" 304 - "http://localhost:3000/" "Mozilla/5.0 (Macintosh; Intel Mac OS X 10_11_2) AppleWebKit/537.36 (KHTML, like Gecko) Chrome/48.0.2564.116 Safari/537.36"
::1 - - [Mon, 29 Feb 2016 23:30:22 GMT] "GET / HTTP/1.1" 500 1749 "-" "Mozilla/5.0 (Macintosh; Intel Mac OS X 10_11_2) AppleWebKit/537.36 (KHTML, like Gecko) Chrome/48.0.2564.116 Safari/537.36"
::1 - - [Mon, 29 Feb 2016 23:30:23 GMT] "GET /favicon.ico HTTP/1.1" 304 - "http://localhost:3000/" "Mozilla/5.0 (Macintosh; Intel Mac OS X 10_11_2) AppleWebKit/537.36 (KHTML, like Gecko) Chrome/48.0.2564.116 Safari/537.36"
::1 - - [Mon, 29 Feb 2016 23:30:26 GMT] "GET / HTTP/1.1" 500 1749 "-" "Mozilla/5.0 (Macintosh; Intel Mac OS X 10_11_2) AppleWebKit/537.36 (KHTML, like Gecko) Chrome/48.0.2564.116 Safari/537.36"
::1 - - [Mon, 29 Feb 2016 23:30:27 GMT] "GET /favicon.ico HTTP/1.1" 200 215 "http://localhost:3000/" "Mozilla/5.0 (Macintosh; Intel Mac OS X 10_11_2) AppleWebKit/537.36 (KHTML, like Gecko) Chrome/48.0.2564.116 Safari/537.36"
::1 - - [Mon, 29 Feb 2016 23:31:35 GMT] "GET / HTTP/1.1" 500 1749 "-" "Mozilla/5.0 (Macintosh; Intel Mac OS X 10_11_2) AppleWebKit/537.36 (KHTML, like Gecko) Chrome/48.0.2564.116 Safari/537.36"
::1 - - [Mon, 29 Feb 2016 23:31:35 GMT] "GET /favicon.ico HTTP/1.1" 200 215 "http://localhost:3000/" "Mozilla/5.0 (Macintosh; Intel Mac OS X 10_11_2) AppleWebKit/537.36 (KHTML, like Gecko) Chrome/48.0.2564.116 Safari/537.36"
::1 - - [Mon, 29 Feb 2016 23:31:37 GMT] "GET / HTTP/1.1" 500 1749 "-" "Mozilla/5.0 (Macintosh; Intel Mac OS X 10_11_2) AppleWebKit/537.36 (KHTML, like Gecko) Chrome/48.0.2564.116 Safari/537.36"
::1 - - [Mon, 29 Feb 2016 23:31:38 GMT] "GET /favicon.ico HTTP/1.1" 304 - "http://localhost:3000/" "Mozilla/5.0 (Macintosh; Intel Mac OS X 10_11_2) AppleWebKit/537.36 (KHTML, like Gecko) Chrome/48.0.2564.116 Safari/537.36"
::1 - - [Mon, 29 Feb 2016 23:40:25 GMT] "GET / HTTP/1.1" 500 1749 "-" "Mozilla/5.0 (Macintosh; Intel Mac OS X 10_11_2) AppleWebKit/537.36 (KHTML, like Gecko) Chrome/48.0.2564.116 Safari/537.36"
::1 - - [Mon, 29 Feb 2016 23:40:25 GMT] "GET /favicon.ico HTTP/1.1" 304 - "http://localhost:3000/" "Mozilla/5.0 (Macintosh; Intel Mac OS X 10_11_2) AppleWebKit/537.36 (KHTML, like Gecko) Chrome/48.0.2564.116 Safari/537.36"
::1 - - [Mon, 29 Feb 2016 23:42:14 GMT] "GET / HTTP/1.1" 500 1749 "-" "Mozilla/5.0 (Macintosh; Intel Mac OS X 10_11_2) AppleWebKit/537.36 (KHTML, like Gecko) Chrome/48.0.2564.116 Safari/537.36"
::1 - - [Mon, 29 Feb 2016 23:42:14 GMT] "GET /favicon.ico HTTP/1.1" 304 - "http://localhost:3000/" "Mozilla/5.0 (Macintosh; Intel Mac OS X 10_11_2) AppleWebKit/537.36 (KHTML, like Gecko) Chrome/48.0.2564.116 Safari/537.36"
::1 - - [Mon, 29 Feb 2016 23:42:16 GMT] "GET / HTTP/1.1" 500 1749 "-" "Mozilla/5.0 (Macintosh; Intel Mac OS X 10_11_2) AppleWebKit/537.36 (KHTML, like Gecko) Chrome/48.0.2564.116 Safari/537.36"
::1 - - [Mon, 29 Feb 2016 23:42:17 GMT] "GET /favicon.ico HTTP/1.1" 200 215 "http://localhost:3000/" "Mozilla/5.0 (Macintosh; Intel Mac OS X 10_11_2) AppleWebKit/537.36 (KHTML, like Gecko) Chrome/48.0.2564.116 Safari/537.36"
::1 - - [Mon, 29 Feb 2016 23:49:19 GMT] "GET / HTTP/1.1" 500 1749 "-" "Mozilla/5.0 (Macintosh; Intel Mac OS X 10_11_2) AppleWebKit/537.36 (KHTML, like Gecko) Chrome/48.0.2564.116 Safari/537.36"
::1 - - [Mon, 29 Feb 2016 23:49:20 GMT] "GET /favicon.ico HTTP/1.1" 200 215 "http://localhost:3000/" "Mozilla/5.0 (Macintosh; Intel Mac OS X 10_11_2) AppleWebKit/537.36 (KHTML, like Gecko) Chrome/48.0.2564.116 Safari/537.36"
::1 - - [Mon, 29 Feb 2016 23:57:15 GMT] "GET / HTTP/1.1" 500 1749 "-" "Mozilla/5.0 (Macintosh; Intel Mac OS X 10_11_2) AppleWebKit/537.36 (KHTML, like Gecko) Chrome/48.0.2564.116 Safari/537.36"
::1 - - [Mon, 29 Feb 2016 23:57:15 GMT] "GET /favicon.ico HTTP/1.1" 200 215 "http://localhost:3000/" "Mozilla/5.0 (Macintosh; Intel Mac OS X 10_11_2) AppleWebKit/537.36 (KHTML, like Gecko) Chrome/48.0.2564.116 Safari/537.36"
::1 - - [Tue, 01 Mar 2016 00:05:42 GMT] "GET / HTTP/1.1" 500 1749 "-" "Mozilla/5.0 (Macintosh; Intel Mac OS X 10_11_2) AppleWebKit/537.36 (KHTML, like Gecko) Chrome/48.0.2564.116 Safari/537.36"
::1 - - [Tue, 01 Mar 2016 00:05:42 GMT] "GET /favicon.ico HTTP/1.1" 200 215 "http://localhost:3000/" "Mozilla/5.0 (Macintosh; Intel Mac OS X 10_11_2) AppleWebKit/537.36 (KHTML, like Gecko) Chrome/48.0.2564.116 Safari/537.36"
::1 - - [Tue, 01 Mar 2016 00:14:09 GMT] "GET / HTTP/1.1" 500 1749 "-" "Mozilla/5.0 (Macintosh; Intel Mac OS X 10_11_2) AppleWebKit/537.36 (KHTML, like Gecko) Chrome/48.0.2564.116 Safari/537.36"
::1 - - [Tue, 01 Mar 2016 00:14:10 GMT] "GET /favicon.ico HTTP/1.1" 200 215 "http://localhost:3000/" "Mozilla/5.0 (Macintosh; Intel Mac OS X 10_11_2) AppleWebKit/537.36 (KHTML, like Gecko) Chrome/48.0.2564.116 Safari/537.36"
::1 - - [Tue, 01 Mar 2016 00:14:12 GMT] "GET / HTTP/1.1" 500 1749 "-" "Mozilla/5.0 (Macintosh; Intel Mac OS X 10_11_2) AppleWebKit/537.36 (KHTML, like Gecko) Chrome/48.0.2564.116 Safari/537.36"
::1 - - [Tue, 01 Mar 2016 00:14:12 GMT] "GET /favicon.ico HTTP/1.1" 304 - "http://localhost:3000/" "Mozilla/5.0 (Macintosh; Intel Mac OS X 10_11_2) AppleWebKit/537.36 (KHTML, like Gecko) Chrome/48.0.2564.116 Safari/537.36"
::1 - - [Tue, 01 Mar 2016 00:14:15 GMT] "GET / HTTP/1.1" 500 1749 "-" "Mozilla/5.0 (Macintosh; Intel Mac OS X 10_11_2) AppleWebKit/537.36 (KHTML, like Gecko) Chrome/48.0.2564.116 Safari/537.36"
::1 - - [Tue, 01 Mar 2016 00:14:15 GMT] "GET /favicon.ico HTTP/1.1" 304 - "http://localhost:3000/" "Mozilla/5.0 (Macintosh; Intel Mac OS X 10_11_2) AppleWebKit/537.36 (KHTML, like Gecko) Chrome/48.0.2564.116 Safari/537.36"
::1 - - [Tue, 01 Mar 2016 00:14:21 GMT] "GET / HTTP/1.1" 500 1749 "-" "Mozilla/5.0 (Macintosh; Intel Mac OS X 10_11_2) AppleWebKit/537.36 (KHTML, like Gecko) Chrome/48.0.2564.116 Safari/537.36"
::1 - - [Tue, 01 Mar 2016 00:14:21 GMT] "GET /favicon.ico HTTP/1.1" 304 - "http://localhost:3000/" "Mozilla/5.0 (Macintosh; Intel Mac OS X 10_11_2) AppleWebKit/537.36 (KHTML, like Gecko) Chrome/48.0.2564.116 Safari/537.36"
::1 - - [Tue, 01 Mar 2016 00:14:39 GMT] "GET / HTTP/1.1" 500 1749 "-" "Mozilla/5.0 (Macintosh; Intel Mac OS X 10_11_2) AppleWebKit/537.36 (KHTML, like Gecko) Chrome/48.0.2564.116 Safari/537.36"
::1 - - [Tue, 01 Mar 2016 00:14:40 GMT] "GET /favicon.ico HTTP/1.1" 200 215 "http://localhost:3000/" "Mozilla/5.0 (Macintosh; Intel Mac OS X 10_11_2) AppleWebKit/537.36 (KHTML, like Gecko) Chrome/48.0.2564.116 Safari/537.36"
::1 - - [Tue, 01 Mar 2016 00:25:15 GMT] "GET / HTTP/1.1" 500 1749 "-" "Mozilla/5.0 (Macintosh; Intel Mac OS X 10_11_2) AppleWebKit/537.36 (KHTML, like Gecko) Chrome/48.0.2564.116 Safari/537.36"
::1 - - [Tue, 01 Mar 2016 00:25:16 GMT] "GET /favicon.ico HTTP/1.1" 304 - "http://localhost:3000/" "Mozilla/5.0 (Macintosh; Intel Mac OS X 10_11_2) AppleWebKit/537.36 (KHTML, like Gecko) Chrome/48.0.2564.116 Safari/537.36"
::1 - - [Tue, 01 Mar 2016 00:25:18 GMT] "GET / HTTP/1.1" 500 1749 "-" "Mozilla/5.0 (Macintosh; Intel Mac OS X 10_11_2) AppleWebKit/537.36 (KHTML, like Gecko) Chrome/48.0.2564.116 Safari/537.36"
::1 - - [Tue, 01 Mar 2016 00:25:18 GMT] "GET /favicon.ico HTTP/1.1" 304 - "http://localhost:3000/" "Mozilla/5.0 (Macintosh; Intel Mac OS X 10_11_2) AppleWebKit/537.36 (KHTML, like Gecko) Chrome/48.0.2564.116 Safari/537.36"
::1 - - [Tue, 01 Mar 2016 00:27:58 GMT] "GET / HTTP/1.1" 500 1749 "-" "Mozilla/5.0 (Macintosh; Intel Mac OS X 10_11_2) AppleWebKit/537.36 (KHTML, like Gecko) Chrome/48.0.2564.116 Safari/537.36"
::1 - - [Tue, 01 Mar 2016 00:27:58 GMT] "GET /favicon.ico HTTP/1.1" 304 - "http://localhost:3000/" "Mozilla/5.0 (Macintosh; Intel Mac OS X 10_11_2) AppleWebKit/537.36 (KHTML, like Gecko) Chrome/48.0.2564.116 Safari/537.36"
::1 - - [Tue, 01 Mar 2016 00:30:17 GMT] "GET / HTTP/1.1" 500 1749 "-" "Mozilla/5.0 (Macintosh; Intel Mac OS X 10_11_2) AppleWebKit/537.36 (KHTML, like Gecko) Chrome/48.0.2564.116 Safari/537.36"
::1 - - [Tue, 01 Mar 2016 00:30:17 GMT] "GET /favicon.ico HTTP/1.1" 304 - "http://localhost:3000/" "Mozilla/5.0 (Macintosh; Intel Mac OS X 10_11_2) AppleWebKit/537.36 (KHTML, like Gecko) Chrome/48.0.2564.116 Safari/537.36"
::1 - - [Tue, 01 Mar 2016 00:30:23 GMT] "GET / HTTP/1.1" 500 1749 "-" "Mozilla/5.0 (Macintosh; Intel Mac OS X 10_11_2) AppleWebKit/537.36 (KHTML, like Gecko) Chrome/48.0.2564.116 Safari/537.36"
::1 - - [Tue, 01 Mar 2016 00:30:24 GMT] "GET /favicon.ico HTTP/1.1" 304 - "http://localhost:3000/" "Mozilla/5.0 (Macintosh; Intel Mac OS X 10_11_2) AppleWebKit/537.36 (KHTML, like Gecko) Chrome/48.0.2564.116 Safari/537.36"
::1 - - [Tue, 01 Mar 2016 00:31:10 GMT] "GET / HTTP/1.1" 500 1749 "-" "Mozilla/5.0 (Macintosh; Intel Mac OS X 10_11_2) AppleWebKit/537.36 (KHTML, like Gecko) Chrome/48.0.2564.116 Safari/537.36"
::1 - - [Tue, 01 Mar 2016 00:31:10 GMT] "GET /favicon.ico HTTP/1.1" 200 215 "http://localhost:3000/" "Mozilla/5.0 (Macintosh; Intel Mac OS X 10_11_2) AppleWebKit/537.36 (KHTML, like Gecko) Chrome/48.0.2564.116 Safari/537.36"
::1 - - [Tue, 01 Mar 2016 00:34:58 GMT] "GET / HTTP/1.1" 500 1749 "-" "Mozilla/5.0 (Macintosh; Intel Mac OS X 10_11_2) AppleWebKit/537.36 (KHTML, like Gecko) Chrome/48.0.2564.116 Safari/537.36"
::1 - - [Tue, 01 Mar 2016 00:34:58 GMT] "GET /favicon.ico HTTP/1.1" 200 215 "http://localhost:3000/" "Mozilla/5.0 (Macintosh; Intel Mac OS X 10_11_2) AppleWebKit/537.36 (KHTML, like Gecko) Chrome/48.0.2564.116 Safari/537.36"
::1 - - [Tue, 01 Mar 2016 00:36:52 GMT] "GET / HTTP/1.1" 500 1749 "-" "Mozilla/5.0 (Macintosh; Intel Mac OS X 10_11_2) AppleWebKit/537.36 (KHTML, like Gecko) Chrome/48.0.2564.116 Safari/537.36"
::1 - - [Tue, 01 Mar 2016 00:36:52 GMT] "GET /favicon.ico HTTP/1.1" 200 215 "http://localhost:3000/" "Mozilla/5.0 (Macintosh; Intel Mac OS X 10_11_2) AppleWebKit/537.36 (KHTML, like Gecko) Chrome/48.0.2564.116 Safari/537.36"
::1 - - [Tue, 01 Mar 2016 00:37:21 GMT] "GET / HTTP/1.1" 500 1764 "-" "Mozilla/5.0 (Macintosh; Intel Mac OS X 10_11_2) AppleWebKit/537.36 (KHTML, like Gecko) Chrome/48.0.2564.116 Safari/537.36"
::1 - - [Tue, 01 Mar 2016 00:37:22 GMT] "GET /favicon.ico HTTP/1.1" 200 215 "http://localhost:3000/" "Mozilla/5.0 (Macintosh; Intel Mac OS X 10_11_2) AppleWebKit/537.36 (KHTML, like Gecko) Chrome/48.0.2564.116 Safari/537.36"
::1 - - [Tue, 01 Mar 2016 00:38:01 GMT] "GET / HTTP/1.1" 500 1749 "-" "Mozilla/5.0 (Macintosh; Intel Mac OS X 10_11_2) AppleWebKit/537.36 (KHTML, like Gecko) Chrome/48.0.2564.116 Safari/537.36"
::1 - - [Tue, 01 Mar 2016 00:38:02 GMT] "GET /favicon.ico HTTP/1.1" 200 215 "http://localhost:3000/" "Mozilla/5.0 (Macintosh; Intel Mac OS X 10_11_2) AppleWebKit/537.36 (KHTML, like Gecko) Chrome/48.0.2564.116 Safari/537.36"
::1 - - [Tue, 01 Mar 2016 00:39:24 GMT] "GET / HTTP/1.1" 500 1749 "-" "Mozilla/5.0 (Macintosh; Intel Mac OS X 10_11_2) AppleWebKit/537.36 (KHTML, like Gecko) Chrome/48.0.2564.116 Safari/537.36"
::1 - - [Tue, 01 Mar 2016 00:39:25 GMT] "GET /favicon.ico HTTP/1.1" 200 215 "http://localhost:3000/" "Mozilla/5.0 (Macintosh; Intel Mac OS X 10_11_2) AppleWebKit/537.36 (KHTML, like Gecko) Chrome/48.0.2564.116 Safari/537.36"
::1 - - [Tue, 01 Mar 2016 00:48:41 GMT] "GET / HTTP/1.1" 500 1749 "-" "Mozilla/5.0 (Macintosh; Intel Mac OS X 10_11_2) AppleWebKit/537.36 (KHTML, like Gecko) Chrome/48.0.2564.116 Safari/537.36"
::1 - - [Tue, 01 Mar 2016 00:48:42 GMT] "GET /favicon.ico HTTP/1.1" 200 215 "http://localhost:3000/" "Mozilla/5.0 (Macintosh; Intel Mac OS X 10_11_2) AppleWebKit/537.36 (KHTML, like Gecko) Chrome/48.0.2564.116 Safari/537.36"
::1 - - [Tue, 01 Mar 2016 00:51:01 GMT] "GET / HTTP/1.1" 500 1749 "-" "Mozilla/5.0 (Macintosh; Intel Mac OS X 10_11_2) AppleWebKit/537.36 (KHTML, like Gecko) Chrome/48.0.2564.116 Safari/537.36"
::1 - - [Tue, 01 Mar 2016 00:51:02 GMT] "GET /favicon.ico HTTP/1.1" 200 215 "http://localhost:3000/" "Mozilla/5.0 (Macintosh; Intel Mac OS X 10_11_2) AppleWebKit/537.36 (KHTML, like Gecko) Chrome/48.0.2564.116 Safari/537.36"
::1 - - [Tue, 01 Mar 2016 00:51:04 GMT] "GET / HTTP/1.1" 500 1749 "-" "Mozilla/5.0 (Macintosh; Intel Mac OS X 10_11_2) AppleWebKit/537.36 (KHTML, like Gecko) Chrome/48.0.2564.116 Safari/537.36"
::1 - - [Tue, 01 Mar 2016 00:51:04 GMT] "GET /favicon.ico HTTP/1.1" 200 215 "http://localhost:3000/" "Mozilla/5.0 (Macintosh; Intel Mac OS X 10_11_2) AppleWebKit/537.36 (KHTML, like Gecko) Chrome/48.0.2564.116 Safari/537.36"
::1 - - [Tue, 01 Mar 2016 00:51:49 GMT] "GET / HTTP/1.1" 500 1749 "-" "Mozilla/5.0 (Macintosh; Intel Mac OS X 10_11_2) AppleWebKit/537.36 (KHTML, like Gecko) Chrome/48.0.2564.116 Safari/537.36"
::1 - - [Tue, 01 Mar 2016 00:51:50 GMT] "GET /favicon.ico HTTP/1.1" 200 215 "http://localhost:3000/" "Mozilla/5.0 (Macintosh; Intel Mac OS X 10_11_2) AppleWebKit/537.36 (KHTML, like Gecko) Chrome/48.0.2564.116 Safari/537.36"
::1 - - [Tue, 01 Mar 2016 00:51:57 GMT] "GET / HTTP/1.1" 500 1749 "-" "Mozilla/5.0 (Macintosh; Intel Mac OS X 10_11_2) AppleWebKit/537.36 (KHTML, like Gecko) Chrome/48.0.2564.116 Safari/537.36"
::1 - - [Tue, 01 Mar 2016 00:51:57 GMT] "GET /favicon.ico HTTP/1.1" 304 - "http://localhost:3000/" "Mozilla/5.0 (Macintosh; Intel Mac OS X 10_11_2) AppleWebKit/537.36 (KHTML, like Gecko) Chrome/48.0.2564.116 Safari/537.36"
::1 - - [Tue, 01 Mar 2016 00:56:02 GMT] "GET / HTTP/1.1" 500 1749 "-" "Mozilla/5.0 (Macintosh; Intel Mac OS X 10_11_2) AppleWebKit/537.36 (KHTML, like Gecko) Chrome/48.0.2564.116 Safari/537.36"
::1 - - [Tue, 01 Mar 2016 00:56:03 GMT] "GET /favicon.ico HTTP/1.1" 200 215 "http://localhost:3000/" "Mozilla/5.0 (Macintosh; Intel Mac OS X 10_11_2) AppleWebKit/537.36 (KHTML, like Gecko) Chrome/48.0.2564.116 Safari/537.36"
::1 - - [Tue, 01 Mar 2016 00:59:58 GMT] "GET / HTTP/1.1" 500 1755 "-" "Mozilla/5.0 (Macintosh; Intel Mac OS X 10_11_2) AppleWebKit/537.36 (KHTML, like Gecko) Chrome/48.0.2564.116 Safari/537.36"
::1 - - [Tue, 01 Mar 2016 00:59:58 GMT] "GET /favicon.ico HTTP/1.1" 200 215 "http://localhost:3000/" "Mozilla/5.0 (Macintosh; Intel Mac OS X 10_11_2) AppleWebKit/537.36 (KHTML, like Gecko) Chrome/48.0.2564.116 Safari/537.36"
::1 - - [Tue, 01 Mar 2016 01:00:30 GMT] "GET / HTTP/1.1" 500 1749 "-" "Mozilla/5.0 (Macintosh; Intel Mac OS X 10_11_2) AppleWebKit/537.36 (KHTML, like Gecko) Chrome/48.0.2564.116 Safari/537.36"
::1 - - [Tue, 01 Mar 2016 01:00:30 GMT] "GET /favicon.ico HTTP/1.1" 200 215 "http://localhost:3000/" "Mozilla/5.0 (Macintosh; Intel Mac OS X 10_11_2) AppleWebKit/537.36 (KHTML, like Gecko) Chrome/48.0.2564.116 Safari/537.36"
::1 - - [Tue, 01 Mar 2016 01:12:09 GMT] "GET / HTTP/1.1" 500 1749 "-" "Mozilla/5.0 (Macintosh; Intel Mac OS X 10_11_2) AppleWebKit/537.36 (KHTML, like Gecko) Chrome/48.0.2564.116 Safari/537.36"
::1 - - [Tue, 01 Mar 2016 01:12:10 GMT] "GET /favicon.ico HTTP/1.1" 200 215 "http://localhost:3000/" "Mozilla/5.0 (Macintosh; Intel Mac OS X 10_11_2) AppleWebKit/537.36 (KHTML, like Gecko) Chrome/48.0.2564.116 Safari/537.36"
::ffff:192.168.1.194 - - [Tue, 01 Mar 2016 01:12:45 GMT] "GET / HTTP/1.1" 500 1749 "-" "Mozilla/5.0 (iPhone; CPU iPhone OS 9_2_1 like Mac OS X) AppleWebKit/601.1 (KHTML, like Gecko) CriOS/48.0.2564.104 Mobile/13D15 Safari/601.1.46"
::ffff:192.168.1.194 - - [Tue, 01 Mar 2016 01:12:45 GMT] "GET /favicon.ico HTTP/1.1" 304 - "-" "Mozilla/5.0 (iPhone; CPU iPhone OS 9_2_1 like Mac OS X) AppleWebKit/601.1 (KHTML, like Gecko) CriOS/48.0.2564.104 Mobile/13D15 Safari/601.1.46"
::ffff:192.168.1.194 - - [Tue, 01 Mar 2016 01:12:47 GMT] "GET / HTTP/1.1" 500 1749 "-" "Mozilla/5.0 (iPhone; CPU iPhone OS 9_2_1 like Mac OS X) AppleWebKit/601.1 (KHTML, like Gecko) CriOS/48.0.2564.104 Mobile/13D15 Safari/601.1.46"
::ffff:192.168.1.194 - - [Tue, 01 Mar 2016 01:12:47 GMT] "GET /favicon.ico HTTP/1.1" 304 - "-" "Mozilla/5.0 (iPhone; CPU iPhone OS 9_2_1 like Mac OS X) AppleWebKit/601.1 (KHTML, like Gecko) CriOS/48.0.2564.104 Mobile/13D15 Safari/601.1.46"
::1 - - [Tue, 01 Mar 2016 01:15:59 GMT] "GET / HTTP/1.1" 500 1749 "-" "Mozilla/5.0 (Macintosh; Intel Mac OS X 10_11_2) AppleWebKit/537.36 (KHTML, like Gecko) Chrome/48.0.2564.116 Safari/537.36"
::1 - - [Tue, 01 Mar 2016 01:15:59 GMT] "GET /favicon.ico HTTP/1.1" 200 215 "http://localhost:3000/" "Mozilla/5.0 (Macintosh; Intel Mac OS X 10_11_2) AppleWebKit/537.36 (KHTML, like Gecko) Chrome/48.0.2564.116 Safari/537.36"
::1 - - [Tue, 01 Mar 2016 01:16:01 GMT] "GET / HTTP/1.1" 500 1749 "-" "Mozilla/5.0 (Macintosh; Intel Mac OS X 10_11_2) AppleWebKit/537.36 (KHTML, like Gecko) Chrome/48.0.2564.116 Safari/537.36"
::1 - - [Tue, 01 Mar 2016 01:16:02 GMT] "GET /favicon.ico HTTP/1.1" 304 - "http://localhost:3000/" "Mozilla/5.0 (Macintosh; Intel Mac OS X 10_11_2) AppleWebKit/537.36 (KHTML, like Gecko) Chrome/48.0.2564.116 Safari/537.36"
::1 - - [Tue, 01 Mar 2016 01:18:52 GMT] "GET / HTTP/1.1" 500 1738 "-" "Mozilla/5.0 (Macintosh; Intel Mac OS X 10_11_2) AppleWebKit/537.36 (KHTML, like Gecko) Chrome/48.0.2564.116 Safari/537.36"
::1 - - [Tue, 01 Mar 2016 01:18:52 GMT] "GET /favicon.ico HTTP/1.1" 200 215 "http://localhost:3000/" "Mozilla/5.0 (Macintosh; Intel Mac OS X 10_11_2) AppleWebKit/537.36 (KHTML, like Gecko) Chrome/48.0.2564.116 Safari/537.36"
::1 - - [Tue, 01 Mar 2016 01:20:12 GMT] "GET / HTTP/1.1" 500 1749 "-" "Mozilla/5.0 (Macintosh; Intel Mac OS X 10_11_2) AppleWebKit/537.36 (KHTML, like Gecko) Chrome/48.0.2564.116 Safari/537.36"
::1 - - [Tue, 01 Mar 2016 01:20:13 GMT] "GET /favicon.ico HTTP/1.1" 200 215 "http://localhost:3000/" "Mozilla/5.0 (Macintosh; Intel Mac OS X 10_11_2) AppleWebKit/537.36 (KHTML, like Gecko) Chrome/48.0.2564.116 Safari/537.36"
::1 - - [Tue, 01 Mar 2016 01:26:17 GMT] "GET / HTTP/1.1" 500 1757 "-" "Mozilla/5.0 (Macintosh; Intel Mac OS X 10_11_2) AppleWebKit/537.36 (KHTML, like Gecko) Chrome/48.0.2564.116 Safari/537.36"
::1 - - [Tue, 01 Mar 2016 01:26:18 GMT] "GET /favicon.ico HTTP/1.1" 200 215 "http://localhost:3000/" "Mozilla/5.0 (Macintosh; Intel Mac OS X 10_11_2) AppleWebKit/537.36 (KHTML, like Gecko) Chrome/48.0.2564.116 Safari/537.36"
::1 - - [Tue, 01 Mar 2016 01:26:45 GMT] "GET / HTTP/1.1" 500 1749 "-" "Mozilla/5.0 (Macintosh; Intel Mac OS X 10_11_2) AppleWebKit/537.36 (KHTML, like Gecko) Chrome/48.0.2564.116 Safari/537.36"
::1 - - [Tue, 01 Mar 2016 01:26:45 GMT] "GET /favicon.ico HTTP/1.1" 200 215 "http://localhost:3000/" "Mozilla/5.0 (Macintosh; Intel Mac OS X 10_11_2) AppleWebKit/537.36 (KHTML, like Gecko) Chrome/48.0.2564.116 Safari/537.36"
::1 - - [Tue, 01 Mar 2016 01:34:32 GMT] "GET / HTTP/1.1" 500 1749 "-" "Mozilla/5.0 (Macintosh; Intel Mac OS X 10_11_2) AppleWebKit/537.36 (KHTML, like Gecko) Chrome/48.0.2564.116 Safari/537.36"
::1 - - [Tue, 01 Mar 2016 01:34:33 GMT] "GET /favicon.ico HTTP/1.1" 200 215 "http://localhost:3000/" "Mozilla/5.0 (Macintosh; Intel Mac OS X 10_11_2) AppleWebKit/537.36 (KHTML, like Gecko) Chrome/48.0.2564.116 Safari/537.36"
::1 - - [Tue, 01 Mar 2016 01:39:42 GMT] "GET / HTTP/1.1" 500 1785 "-" "Mozilla/5.0 (Macintosh; Intel Mac OS X 10_11_2) AppleWebKit/537.36 (KHTML, like Gecko) Chrome/48.0.2564.116 Safari/537.36"
::1 - - [Tue, 01 Mar 2016 01:39:43 GMT] "GET /favicon.ico HTTP/1.1" 200 215 "http://localhost:3000/" "Mozilla/5.0 (Macintosh; Intel Mac OS X 10_11_2) AppleWebKit/537.36 (KHTML, like Gecko) Chrome/48.0.2564.116 Safari/537.36"
::1 - - [Tue, 01 Mar 2016 01:40:18 GMT] "GET / HTTP/1.1" 500 1749 "-" "Mozilla/5.0 (Macintosh; Intel Mac OS X 10_11_2) AppleWebKit/537.36 (KHTML, like Gecko) Chrome/48.0.2564.116 Safari/537.36"
::1 - - [Tue, 01 Mar 2016 01:40:19 GMT] "GET /favicon.ico HTTP/1.1" 200 215 "http://localhost:3000/" "Mozilla/5.0 (Macintosh; Intel Mac OS X 10_11_2) AppleWebKit/537.36 (KHTML, like Gecko) Chrome/48.0.2564.116 Safari/537.36"
::1 - - [Tue, 01 Mar 2016 01:40:39 GMT] "GET / HTTP/1.1" 500 1749 "-" "Mozilla/5.0 (Macintosh; Intel Mac OS X 10_11_2) AppleWebKit/537.36 (KHTML, like Gecko) Chrome/48.0.2564.116 Safari/537.36"
::1 - - [Tue, 01 Mar 2016 01:40:40 GMT] "GET /favicon.ico HTTP/1.1" 200 215 "http://localhost:3000/" "Mozilla/5.0 (Macintosh; Intel Mac OS X 10_11_2) AppleWebKit/537.36 (KHTML, like Gecko) Chrome/48.0.2564.116 Safari/537.36"
::1 - - [Tue, 01 Mar 2016 01:54:24 GMT] "GET / HTTP/1.1" 500 1749 "-" "Mozilla/5.0 (Macintosh; Intel Mac OS X 10_11_2) AppleWebKit/537.36 (KHTML, like Gecko) Chrome/48.0.2564.116 Safari/537.36"
::1 - - [Tue, 01 Mar 2016 01:54:25 GMT] "GET /favicon.ico HTTP/1.1" 200 215 "http://localhost:3000/" "Mozilla/5.0 (Macintosh; Intel Mac OS X 10_11_2) AppleWebKit/537.36 (KHTML, like Gecko) Chrome/48.0.2564.116 Safari/537.36"
::1 - - [Tue, 01 Mar 2016 01:54:27 GMT] "GET / HTTP/1.1" 500 1749 "-" "Mozilla/5.0 (Macintosh; Intel Mac OS X 10_11_2) AppleWebKit/537.36 (KHTML, like Gecko) Chrome/48.0.2564.116 Safari/537.36"
::1 - - [Tue, 01 Mar 2016 01:54:27 GMT] "GET /favicon.ico HTTP/1.1" 200 215 "http://localhost:3000/" "Mozilla/5.0 (Macintosh; Intel Mac OS X 10_11_2) AppleWebKit/537.36 (KHTML, like Gecko) Chrome/48.0.2564.116 Safari/537.36"
::1 - - [Tue, 01 Mar 2016 01:55:22 GMT] "GET / HTTP/1.1" 500 1743 "-" "Mozilla/5.0 (Macintosh; Intel Mac OS X 10_11_2) AppleWebKit/537.36 (KHTML, like Gecko) Chrome/48.0.2564.116 Safari/537.36"
::1 - - [Tue, 01 Mar 2016 01:55:22 GMT] "GET /favicon.ico HTTP/1.1" 200 215 "http://localhost:3000/" "Mozilla/5.0 (Macintosh; Intel Mac OS X 10_11_2) AppleWebKit/537.36 (KHTML, like Gecko) Chrome/48.0.2564.116 Safari/537.36"
::1 - - [Tue, 01 Mar 2016 02:05:40 GMT] "GET / HTTP/1.1" 200 796 "-" "Mozilla/5.0 (Macintosh; Intel Mac OS X 10_11_2) AppleWebKit/537.36 (KHTML, like Gecko) Chrome/48.0.2564.116 Safari/537.36"
::1 - - [Tue, 01 Mar 2016 02:05:40 GMT] "GET /stylesheets/style.css HTTP/1.1" 304 - "http://localhost:3000/" "Mozilla/5.0 (Macintosh; Intel Mac OS X 10_11_2) AppleWebKit/537.36 (KHTML, like Gecko) Chrome/48.0.2564.116 Safari/537.36"
::1 - - [Tue, 01 Mar 2016 02:05:41 GMT] "GET /favicon.ico HTTP/1.1" 304 - "http://localhost:3000/" "Mozilla/5.0 (Macintosh; Intel Mac OS X 10_11_2) AppleWebKit/537.36 (KHTML, like Gecko) Chrome/48.0.2564.116 Safari/537.36"
::1 - - [Tue, 01 Mar 2016 02:05:44 GMT] "GET / HTTP/1.1" 304 - "http://localhost:3000/" "Mozilla/5.0 (Macintosh; Intel Mac OS X 10_11_2) AppleWebKit/537.36 (KHTML, like Gecko) Chrome/48.0.2564.116 Safari/537.36"
::1 - - [Tue, 01 Mar 2016 02:05:44 GMT] "GET /stylesheets/style.css HTTP/1.1" 304 - "http://localhost:3000/" "Mozilla/5.0 (Macintosh; Intel Mac OS X 10_11_2) AppleWebKit/537.36 (KHTML, like Gecko) Chrome/48.0.2564.116 Safari/537.36"
::1 - - [Tue, 01 Mar 2016 02:05:45 GMT] "GET /favicon.ico HTTP/1.1" 304 - "http://localhost:3000/" "Mozilla/5.0 (Macintosh; Intel Mac OS X 10_11_2) AppleWebKit/537.36 (KHTML, like Gecko) Chrome/48.0.2564.116 Safari/537.36"
::1 - - [Tue, 01 Mar 2016 02:05:45 GMT] "GET /archive HTTP/1.1" 200 799 "http://localhost:3000/" "Mozilla/5.0 (Macintosh; Intel Mac OS X 10_11_2) AppleWebKit/537.36 (KHTML, like Gecko) Chrome/48.0.2564.116 Safari/537.36"
::1 - - [Tue, 01 Mar 2016 02:05:45 GMT] "GET /stylesheets/style.css HTTP/1.1" 304 - "http://localhost:3000/archive" "Mozilla/5.0 (Macintosh; Intel Mac OS X 10_11_2) AppleWebKit/537.36 (KHTML, like Gecko) Chrome/48.0.2564.116 Safari/537.36"
::1 - - [Tue, 01 Mar 2016 02:05:46 GMT] "GET /favicon.ico HTTP/1.1" 304 - "http://localhost:3000/archive" "Mozilla/5.0 (Macintosh; Intel Mac OS X 10_11_2) AppleWebKit/537.36 (KHTML, like Gecko) Chrome/48.0.2564.116 Safari/537.36"
::1 - - [Tue, 01 Mar 2016 02:05:46 GMT] "GET /tags HTTP/1.1" 200 760 "http://localhost:3000/archive" "Mozilla/5.0 (Macintosh; Intel Mac OS X 10_11_2) AppleWebKit/537.36 (KHTML, like Gecko) Chrome/48.0.2564.116 Safari/537.36"
::1 - - [Tue, 01 Mar 2016 02:05:46 GMT] "GET /stylesheets/style.css HTTP/1.1" 304 - "http://localhost:3000/tags" "Mozilla/5.0 (Macintosh; Intel Mac OS X 10_11_2) AppleWebKit/537.36 (KHTML, like Gecko) Chrome/48.0.2564.116 Safari/537.36"
::1 - - [Tue, 01 Mar 2016 02:05:47 GMT] "GET /favicon.ico HTTP/1.1" 304 - "http://localhost:3000/tags" "Mozilla/5.0 (Macintosh; Intel Mac OS X 10_11_2) AppleWebKit/537.36 (KHTML, like Gecko) Chrome/48.0.2564.116 Safari/537.36"
::1 - - [Tue, 01 Mar 2016 02:05:47 GMT] "GET /links HTTP/1.1" 200 1111 "http://localhost:3000/tags" "Mozilla/5.0 (Macintosh; Intel Mac OS X 10_11_2) AppleWebKit/537.36 (KHTML, like Gecko) Chrome/48.0.2564.116 Safari/537.36"
::1 - - [Tue, 01 Mar 2016 02:05:47 GMT] "GET /stylesheets/style.css HTTP/1.1" 304 - "http://localhost:3000/links" "Mozilla/5.0 (Macintosh; Intel Mac OS X 10_11_2) AppleWebKit/537.36 (KHTML, like Gecko) Chrome/48.0.2564.116 Safari/537.36"
::1 - - [Tue, 01 Mar 2016 02:05:47 GMT] "GET /login HTTP/1.1" 200 949 "http://localhost:3000/links" "Mozilla/5.0 (Macintosh; Intel Mac OS X 10_11_2) AppleWebKit/537.36 (KHTML, like Gecko) Chrome/48.0.2564.116 Safari/537.36"
::1 - - [Tue, 01 Mar 2016 02:05:48 GMT] "GET /stylesheets/style.css HTTP/1.1" 304 - "http://localhost:3000/login" "Mozilla/5.0 (Macintosh; Intel Mac OS X 10_11_2) AppleWebKit/537.36 (KHTML, like Gecko) Chrome/48.0.2564.116 Safari/537.36"
::1 - - [Tue, 01 Mar 2016 02:05:48 GMT] "GET /favicon.ico HTTP/1.1" 304 - "http://localhost:3000/login" "Mozilla/5.0 (Macintosh; Intel Mac OS X 10_11_2) AppleWebKit/537.36 (KHTML, like Gecko) Chrome/48.0.2564.116 Safari/537.36"
::1 - - [Tue, 01 Mar 2016 02:05:49 GMT] "GET /reg HTTP/1.1" 200 1090 "http://localhost:3000/login" "Mozilla/5.0 (Macintosh; Intel Mac OS X 10_11_2) AppleWebKit/537.36 (KHTML, like Gecko) Chrome/48.0.2564.116 Safari/537.36"
::1 - - [Tue, 01 Mar 2016 02:05:49 GMT] "GET /stylesheets/style.css HTTP/1.1" 304 - "http://localhost:3000/reg" "Mozilla/5.0 (Macintosh; Intel Mac OS X 10_11_2) AppleWebKit/537.36 (KHTML, like Gecko) Chrome/48.0.2564.116 Safari/537.36"
::1 - - [Tue, 01 Mar 2016 02:05:49 GMT] "GET /favicon.ico HTTP/1.1" 304 - "http://localhost:3000/reg" "Mozilla/5.0 (Macintosh; Intel Mac OS X 10_11_2) AppleWebKit/537.36 (KHTML, like Gecko) Chrome/48.0.2564.116 Safari/537.36"
::1 - - [Tue, 01 Mar 2016 02:05:50 GMT] "GET / HTTP/1.1" 304 - "http://localhost:3000/reg" "Mozilla/5.0 (Macintosh; Intel Mac OS X 10_11_2) AppleWebKit/537.36 (KHTML, like Gecko) Chrome/48.0.2564.116 Safari/537.36"
::1 - - [Tue, 01 Mar 2016 02:05:50 GMT] "GET /stylesheets/style.css HTTP/1.1" 304 - "http://localhost:3000/" "Mozilla/5.0 (Macintosh; Intel Mac OS X 10_11_2) AppleWebKit/537.36 (KHTML, like Gecko) Chrome/48.0.2564.116 Safari/537.36"
::1 - - [Tue, 01 Mar 2016 02:05:50 GMT] "GET /favicon.ico HTTP/1.1" 304 - "http://localhost:3000/" "Mozilla/5.0 (Macintosh; Intel Mac OS X 10_11_2) AppleWebKit/537.36 (KHTML, like Gecko) Chrome/48.0.2564.116 Safari/537.36"
::1 - - [Fri, 04 Mar 2016 12:31:58 GMT] "GET / HTTP/1.1" 500 1939 "-" "Mozilla/5.0 (Macintosh; Intel Mac OS X 10_11_2) AppleWebKit/537.36 (KHTML, like Gecko) Chrome/48.0.2564.116 Safari/537.36"
::1 - - [Fri, 04 Mar 2016 12:31:59 GMT] "GET /favicon.ico HTTP/1.1" 200 215 "http://localhost:3000/" "Mozilla/5.0 (Macintosh; Intel Mac OS X 10_11_2) AppleWebKit/537.36 (KHTML, like Gecko) Chrome/48.0.2564.116 Safari/537.36"
::1 - - [Fri, 04 Mar 2016 12:32:05 GMT] "GET / HTTP/1.1" 500 1939 "-" "Mozilla/5.0 (Macintosh; Intel Mac OS X 10_11_2) AppleWebKit/537.36 (KHTML, like Gecko) Chrome/48.0.2564.116 Safari/537.36"
::1 - - [Fri, 04 Mar 2016 12:32:06 GMT] "GET /favicon.ico HTTP/1.1" 304 - "http://localhost:3000/" "Mozilla/5.0 (Macintosh; Intel Mac OS X 10_11_2) AppleWebKit/537.36 (KHTML, like Gecko) Chrome/48.0.2564.116 Safari/537.36"
::1 - - [Fri, 04 Mar 2016 12:33:14 GMT] "GET / HTTP/1.1" 500 1888 "-" "Mozilla/5.0 (Macintosh; Intel Mac OS X 10_11_2) AppleWebKit/537.36 (KHTML, like Gecko) Chrome/48.0.2564.116 Safari/537.36"
::1 - - [Fri, 04 Mar 2016 12:33:15 GMT] "GET /favicon.ico HTTP/1.1" 200 215 "http://localhost:3000/" "Mozilla/5.0 (Macintosh; Intel Mac OS X 10_11_2) AppleWebKit/537.36 (KHTML, like Gecko) Chrome/48.0.2564.116 Safari/537.36"
::1 - - [Fri, 04 Mar 2016 12:33:44 GMT] "GET / HTTP/1.1" 200 882 "-" "Mozilla/5.0 (Macintosh; Intel Mac OS X 10_11_2) AppleWebKit/537.36 (KHTML, like Gecko) Chrome/48.0.2564.116 Safari/537.36"
::1 - - [Fri, 04 Mar 2016 12:33:44 GMT] "GET /stylesheets/style.css HTTP/1.1" 304 - "http://localhost:3000/" "Mozilla/5.0 (Macintosh; Intel Mac OS X 10_11_2) AppleWebKit/537.36 (KHTML, like Gecko) Chrome/48.0.2564.116 Safari/537.36"
::1 - - [Fri, 04 Mar 2016 12:33:44 GMT] "GET /favicon.ico HTTP/1.1" 200 215 "http://localhost:3000/" "Mozilla/5.0 (Macintosh; Intel Mac OS X 10_11_2) AppleWebKit/537.36 (KHTML, like Gecko) Chrome/48.0.2564.116 Safari/537.36"
::1 - - [Fri, 04 Mar 2016 12:33:50 GMT] "GET /?p=2 HTTP/1.1" 200 971 "http://localhost:3000/" "Mozilla/5.0 (Macintosh; Intel Mac OS X 10_11_2) AppleWebKit/537.36 (KHTML, like Gecko) Chrome/48.0.2564.116 Safari/537.36"
::1 - - [Fri, 04 Mar 2016 12:33:50 GMT] "GET /stylesheets/style.css HTTP/1.1" 304 - "http://localhost:3000/?p=2" "Mozilla/5.0 (Macintosh; Intel Mac OS X 10_11_2) AppleWebKit/537.36 (KHTML, like Gecko) Chrome/48.0.2564.116 Safari/537.36"
::1 - - [Fri, 04 Mar 2016 12:33:50 GMT] "GET /favicon.ico HTTP/1.1" 304 - "http://localhost:3000/?p=2" "Mozilla/5.0 (Macintosh; Intel Mac OS X 10_11_2) AppleWebKit/537.36 (KHTML, like Gecko) Chrome/48.0.2564.116 Safari/537.36"
::1 - - [Fri, 04 Mar 2016 12:33:51 GMT] "GET /?p=3 HTTP/1.1" 200 971 "http://localhost:3000/?p=2" "Mozilla/5.0 (Macintosh; Intel Mac OS X 10_11_2) AppleWebKit/537.36 (KHTML, like Gecko) Chrome/48.0.2564.116 Safari/537.36"
::1 - - [Fri, 04 Mar 2016 12:33:51 GMT] "GET /stylesheets/style.css HTTP/1.1" 304 - "http://localhost:3000/?p=3" "Mozilla/5.0 (Macintosh; Intel Mac OS X 10_11_2) AppleWebKit/537.36 (KHTML, like Gecko) Chrome/48.0.2564.116 Safari/537.36"
::1 - - [Fri, 04 Mar 2016 12:33:51 GMT] "GET /favicon.ico HTTP/1.1" 304 - "http://localhost:3000/?p=3" "Mozilla/5.0 (Macintosh; Intel Mac OS X 10_11_2) AppleWebKit/537.36 (KHTML, like Gecko) Chrome/48.0.2564.116 Safari/537.36"
::1 - - [Fri, 04 Mar 2016 12:33:51 GMT] "GET /?p=4 HTTP/1.1" 200 971 "http://localhost:3000/?p=3" "Mozilla/5.0 (Macintosh; Intel Mac OS X 10_11_2) AppleWebKit/537.36 (KHTML, like Gecko) Chrome/48.0.2564.116 Safari/537.36"
::1 - - [Fri, 04 Mar 2016 12:33:52 GMT] "GET /stylesheets/style.css HTTP/1.1" 304 - "http://localhost:3000/?p=4" "Mozilla/5.0 (Macintosh; Intel Mac OS X 10_11_2) AppleWebKit/537.36 (KHTML, like Gecko) Chrome/48.0.2564.116 Safari/537.36"
::1 - - [Fri, 04 Mar 2016 12:33:52 GMT] "GET /favicon.ico HTTP/1.1" 304 - "http://localhost:3000/?p=4" "Mozilla/5.0 (Macintosh; Intel Mac OS X 10_11_2) AppleWebKit/537.36 (KHTML, like Gecko) Chrome/48.0.2564.116 Safari/537.36"
::1 - - [Fri, 04 Mar 2016 12:33:53 GMT] "GET /?p=3 HTTP/1.1" 304 - "http://localhost:3000/?p=4" "Mozilla/5.0 (Macintosh; Intel Mac OS X 10_11_2) AppleWebKit/537.36 (KHTML, like Gecko) Chrome/48.0.2564.116 Safari/537.36"
::1 - - [Fri, 04 Mar 2016 12:33:53 GMT] "GET /stylesheets/style.css HTTP/1.1" 304 - "http://localhost:3000/?p=3" "Mozilla/5.0 (Macintosh; Intel Mac OS X 10_11_2) AppleWebKit/537.36 (KHTML, like Gecko) Chrome/48.0.2564.116 Safari/537.36"
::1 - - [Fri, 04 Mar 2016 12:33:53 GMT] "GET /?p=2 HTTP/1.1" 304 - "http://localhost:3000/?p=3" "Mozilla/5.0 (Macintosh; Intel Mac OS X 10_11_2) AppleWebKit/537.36 (KHTML, like Gecko) Chrome/48.0.2564.116 Safari/537.36"
::1 - - [Fri, 04 Mar 2016 12:33:53 GMT] "GET /stylesheets/style.css HTTP/1.1" 304 - "http://localhost:3000/?p=2" "Mozilla/5.0 (Macintosh; Intel Mac OS X 10_11_2) AppleWebKit/537.36 (KHTML, like Gecko) Chrome/48.0.2564.116 Safari/537.36"
::1 - - [Fri, 04 Mar 2016 12:33:54 GMT] "GET /?p=1 HTTP/1.1" 200 882 "http://localhost:3000/?p=2" "Mozilla/5.0 (Macintosh; Intel Mac OS X 10_11_2) AppleWebKit/537.36 (KHTML, like Gecko) Chrome/48.0.2564.116 Safari/537.36"
::1 - - [Fri, 04 Mar 2016 12:33:54 GMT] "GET /stylesheets/style.css HTTP/1.1" 304 - "http://localhost:3000/?p=1" "Mozilla/5.0 (Macintosh; Intel Mac OS X 10_11_2) AppleWebKit/537.36 (KHTML, like Gecko) Chrome/48.0.2564.116 Safari/537.36"
::1 - - [Fri, 04 Mar 2016 12:33:54 GMT] "GET /favicon.ico HTTP/1.1" 304 - "http://localhost:3000/?p=1" "Mozilla/5.0 (Macintosh; Intel Mac OS X 10_11_2) AppleWebKit/537.36 (KHTML, like Gecko) Chrome/48.0.2564.116 Safari/537.36"
::1 - - [Fri, 04 Mar 2016 12:33:56 GMT] "GET /reg HTTP/1.1" 200 1090 "http://localhost:3000/?p=1" "Mozilla/5.0 (Macintosh; Intel Mac OS X 10_11_2) AppleWebKit/537.36 (KHTML, like Gecko) Chrome/48.0.2564.116 Safari/537.36"
::1 - - [Fri, 04 Mar 2016 12:33:56 GMT] "GET /stylesheets/style.css HTTP/1.1" 304 - "http://localhost:3000/reg" "Mozilla/5.0 (Macintosh; Intel Mac OS X 10_11_2) AppleWebKit/537.36 (KHTML, like Gecko) Chrome/48.0.2564.116 Safari/537.36"
::1 - - [Fri, 04 Mar 2016 12:33:57 GMT] "GET /favicon.ico HTTP/1.1" 304 - "http://localhost:3000/reg" "Mozilla/5.0 (Macintosh; Intel Mac OS X 10_11_2) AppleWebKit/537.36 (KHTML, like Gecko) Chrome/48.0.2564.116 Safari/537.36"
::1 - - [Fri, 04 Mar 2016 12:34:25 GMT] "GET / HTTP/1.1" 304 - "http://localhost:3000/reg" "Mozilla/5.0 (Macintosh; Intel Mac OS X 10_11_2) AppleWebKit/537.36 (KHTML, like Gecko) Chrome/48.0.2564.116 Safari/537.36"
::1 - - [Fri, 04 Mar 2016 12:34:25 GMT] "GET /stylesheets/style.css HTTP/1.1" 304 - "http://localhost:3000/" "Mozilla/5.0 (Macintosh; Intel Mac OS X 10_11_2) AppleWebKit/537.36 (KHTML, like Gecko) Chrome/48.0.2564.116 Safari/537.36"
::1 - - [Fri, 04 Mar 2016 12:34:25 GMT] "GET /favicon.ico HTTP/1.1" 304 - "http://localhost:3000/" "Mozilla/5.0 (Macintosh; Intel Mac OS X 10_11_2) AppleWebKit/537.36 (KHTML, like Gecko) Chrome/48.0.2564.116 Safari/537.36"
::1 - - [Fri, 04 Mar 2016 12:34:27 GMT] "GET /?p=2 HTTP/1.1" 304 - "http://localhost:3000/" "Mozilla/5.0 (Macintosh; Intel Mac OS X 10_11_2) AppleWebKit/537.36 (KHTML, like Gecko) Chrome/48.0.2564.116 Safari/537.36"
::1 - - [Fri, 04 Mar 2016 12:34:27 GMT] "GET /stylesheets/style.css HTTP/1.1" 304 - "http://localhost:3000/?p=2" "Mozilla/5.0 (Macintosh; Intel Mac OS X 10_11_2) AppleWebKit/537.36 (KHTML, like Gecko) Chrome/48.0.2564.116 Safari/537.36"
::1 - - [Fri, 04 Mar 2016 12:34:27 GMT] "GET /favicon.ico HTTP/1.1" 304 - "http://localhost:3000/?p=2" "Mozilla/5.0 (Macintosh; Intel Mac OS X 10_11_2) AppleWebKit/537.36 (KHTML, like Gecko) Chrome/48.0.2564.116 Safari/537.36"
::1 - - [Fri, 04 Mar 2016 12:34:28 GMT] "GET /?p=1 HTTP/1.1" 304 - "http://localhost:3000/?p=2" "Mozilla/5.0 (Macintosh; Intel Mac OS X 10_11_2) AppleWebKit/537.36 (KHTML, like Gecko) Chrome/48.0.2564.116 Safari/537.36"
::1 - - [Fri, 04 Mar 2016 12:34:28 GMT] "GET /stylesheets/style.css HTTP/1.1" 304 - "http://localhost:3000/?p=1" "Mozilla/5.0 (Macintosh; Intel Mac OS X 10_11_2) AppleWebKit/537.36 (KHTML, like Gecko) Chrome/48.0.2564.116 Safari/537.36"
::1 - - [Fri, 04 Mar 2016 12:34:29 GMT] "GET /favicon.ico HTTP/1.1" 304 - "http://localhost:3000/?p=1" "Mozilla/5.0 (Macintosh; Intel Mac OS X 10_11_2) AppleWebKit/537.36 (KHTML, like Gecko) Chrome/48.0.2564.116 Safari/537.36"
::1 - - [Fri, 04 Mar 2016 12:36:00 GMT] "GET / HTTP/1.1" 304 - "http://localhost:3000/?p=1" "Mozilla/5.0 (Macintosh; Intel Mac OS X 10_11_2) AppleWebKit/537.36 (KHTML, like Gecko) Chrome/48.0.2564.116 Safari/537.36"
::1 - - [Fri, 04 Mar 2016 12:36:00 GMT] "GET /stylesheets/style.css HTTP/1.1" 304 - "http://localhost:3000/" "Mozilla/5.0 (Macintosh; Intel Mac OS X 10_11_2) AppleWebKit/537.36 (KHTML, like Gecko) Chrome/48.0.2564.116 Safari/537.36"
::1 - - [Fri, 04 Mar 2016 12:36:00 GMT] "GET /favicon.ico HTTP/1.1" 304 - "http://localhost:3000/" "Mozilla/5.0 (Macintosh; Intel Mac OS X 10_11_2) AppleWebKit/537.36 (KHTML, like Gecko) Chrome/48.0.2564.116 Safari/537.36"
::1 - - [Fri, 04 Mar 2016 12:36:01 GMT] "GET /reg HTTP/1.1" 304 - "http://localhost:3000/" "Mozilla/5.0 (Macintosh; Intel Mac OS X 10_11_2) AppleWebKit/537.36 (KHTML, like Gecko) Chrome/48.0.2564.116 Safari/537.36"
::1 - - [Fri, 04 Mar 2016 12:36:02 GMT] "GET /stylesheets/style.css HTTP/1.1" 304 - "http://localhost:3000/reg" "Mozilla/5.0 (Macintosh; Intel Mac OS X 10_11_2) AppleWebKit/537.36 (KHTML, like Gecko) Chrome/48.0.2564.116 Safari/537.36"
::1 - - [Fri, 04 Mar 2016 12:36:02 GMT] "GET /favicon.ico HTTP/1.1" 304 - "http://localhost:3000/reg" "Mozilla/5.0 (Macintosh; Intel Mac OS X 10_11_2) AppleWebKit/537.36 (KHTML, like Gecko) Chrome/48.0.2564.116 Safari/537.36"
::1 - - [Fri, 04 Mar 2016 12:38:45 GMT] "GET /reg HTTP/1.1" 304 - "http://localhost:3000/" "Mozilla/5.0 (Macintosh; Intel Mac OS X 10_11_2) AppleWebKit/537.36 (KHTML, like Gecko) Chrome/48.0.2564.116 Safari/537.36"
::1 - - [Fri, 04 Mar 2016 12:38:45 GMT] "GET /stylesheets/style.css HTTP/1.1" 304 - "http://localhost:3000/reg" "Mozilla/5.0 (Macintosh; Intel Mac OS X 10_11_2) AppleWebKit/537.36 (KHTML, like Gecko) Chrome/48.0.2564.116 Safari/537.36"
::1 - - [Fri, 04 Mar 2016 12:38:45 GMT] "GET /favicon.ico HTTP/1.1" 200 215 "http://localhost:3000/reg" "Mozilla/5.0 (Macintosh; Intel Mac OS X 10_11_2) AppleWebKit/537.36 (KHTML, like Gecko) Chrome/48.0.2564.116 Safari/537.36"
::1 - - [Fri, 04 Mar 2016 12:38:49 GMT] "GET / HTTP/1.1" 304 - "http://localhost:3000/reg" "Mozilla/5.0 (Macintosh; Intel Mac OS X 10_11_2) AppleWebKit/537.36 (KHTML, like Gecko) Chrome/48.0.2564.116 Safari/537.36"
::1 - - [Fri, 04 Mar 2016 12:38:49 GMT] "GET /stylesheets/style.css HTTP/1.1" 304 - "http://localhost:3000/" "Mozilla/5.0 (Macintosh; Intel Mac OS X 10_11_2) AppleWebKit/537.36 (KHTML, like Gecko) Chrome/48.0.2564.116 Safari/537.36"
::1 - - [Fri, 04 Mar 2016 12:38:49 GMT] "GET /favicon.ico HTTP/1.1" 304 - "http://localhost:3000/" "Mozilla/5.0 (Macintosh; Intel Mac OS X 10_11_2) AppleWebKit/537.36 (KHTML, like Gecko) Chrome/48.0.2564.116 Safari/537.36"
::1 - - [Fri, 04 Mar 2016 12:38:51 GMT] "GET /reg HTTP/1.1" 304 - "http://localhost:3000/" "Mozilla/5.0 (Macintosh; Intel Mac OS X 10_11_2) AppleWebKit/537.36 (KHTML, like Gecko) Chrome/48.0.2564.116 Safari/537.36"
::1 - - [Fri, 04 Mar 2016 12:38:51 GMT] "GET /stylesheets/style.css HTTP/1.1" 304 - "http://localhost:3000/reg" "Mozilla/5.0 (Macintosh; Intel Mac OS X 10_11_2) AppleWebKit/537.36 (KHTML, like Gecko) Chrome/48.0.2564.116 Safari/537.36"
::1 - - [Fri, 04 Mar 2016 12:38:52 GMT] "GET /favicon.ico HTTP/1.1" 304 - "http://localhost:3000/reg" "Mozilla/5.0 (Macintosh; Intel Mac OS X 10_11_2) AppleWebKit/537.36 (KHTML, like Gecko) Chrome/48.0.2564.116 Safari/537.36"
::1 - - [Fri, 04 Mar 2016 12:38:53 GMT] "GET /login HTTP/1.1" 200 948 "http://localhost:3000/reg" "Mozilla/5.0 (Macintosh; Intel Mac OS X 10_11_2) AppleWebKit/537.36 (KHTML, like Gecko) Chrome/48.0.2564.116 Safari/537.36"
::1 - - [Fri, 04 Mar 2016 12:38:53 GMT] "GET /stylesheets/style.css HTTP/1.1" 304 - "http://localhost:3000/login" "Mozilla/5.0 (Macintosh; Intel Mac OS X 10_11_2) AppleWebKit/537.36 (KHTML, like Gecko) Chrome/48.0.2564.116 Safari/537.36"
::1 - - [Fri, 04 Mar 2016 12:38:53 GMT] "GET /favicon.ico HTTP/1.1" 304 - "http://localhost:3000/login" "Mozilla/5.0 (Macintosh; Intel Mac OS X 10_11_2) AppleWebKit/537.36 (KHTML, like Gecko) Chrome/48.0.2564.116 Safari/537.36"
::1 - - [Fri, 04 Mar 2016 12:38:54 GMT] "GET /reg HTTP/1.1" 304 - "http://localhost:3000/login" "Mozilla/5.0 (Macintosh; Intel Mac OS X 10_11_2) AppleWebKit/537.36 (KHTML, like Gecko) Chrome/48.0.2564.116 Safari/537.36"
::1 - - [Fri, 04 Mar 2016 12:38:54 GMT] "GET /stylesheets/style.css HTTP/1.1" 304 - "http://localhost:3000/reg" "Mozilla/5.0 (Macintosh; Intel Mac OS X 10_11_2) AppleWebKit/537.36 (KHTML, like Gecko) Chrome/48.0.2564.116 Safari/537.36"
::1 - - [Fri, 04 Mar 2016 12:38:54 GMT] "GET /favicon.ico HTTP/1.1" 304 - "http://localhost:3000/reg" "Mozilla/5.0 (Macintosh; Intel Mac OS X 10_11_2) AppleWebKit/537.36 (KHTML, like Gecko) Chrome/48.0.2564.116 Safari/537.36"
::1 - - [Fri, 04 Mar 2016 12:39:17 GMT] "GET /reg HTTP/1.1" 200 1092 "http://localhost:3000/login" "Mozilla/5.0 (Macintosh; Intel Mac OS X 10_11_2) AppleWebKit/537.36 (KHTML, like Gecko) Chrome/48.0.2564.116 Safari/537.36"
::1 - - [Fri, 04 Mar 2016 12:39:17 GMT] "GET /stylesheets/style.css HTTP/1.1" 304 - "http://localhost:3000/reg" "Mozilla/5.0 (Macintosh; Intel Mac OS X 10_11_2) AppleWebKit/537.36 (KHTML, like Gecko) Chrome/48.0.2564.116 Safari/537.36"
::1 - - [Fri, 04 Mar 2016 12:39:17 GMT] "GET /favicon.ico HTTP/1.1" 200 215 "http://localhost:3000/reg" "Mozilla/5.0 (Macintosh; Intel Mac OS X 10_11_2) AppleWebKit/537.36 (KHTML, like Gecko) Chrome/48.0.2564.116 Safari/537.36"
::1 - - [Fri, 04 Mar 2016 12:39:18 GMT] "GET /login HTTP/1.1" 304 - "http://localhost:3000/reg" "Mozilla/5.0 (Macintosh; Intel Mac OS X 10_11_2) AppleWebKit/537.36 (KHTML, like Gecko) Chrome/48.0.2564.116 Safari/537.36"
::1 - - [Fri, 04 Mar 2016 12:39:19 GMT] "GET /stylesheets/style.css HTTP/1.1" 304 - "http://localhost:3000/login" "Mozilla/5.0 (Macintosh; Intel Mac OS X 10_11_2) AppleWebKit/537.36 (KHTML, like Gecko) Chrome/48.0.2564.116 Safari/537.36"
::1 - - [Fri, 04 Mar 2016 12:39:19 GMT] "GET /favicon.ico HTTP/1.1" 304 - "http://localhost:3000/login" "Mozilla/5.0 (Macintosh; Intel Mac OS X 10_11_2) AppleWebKit/537.36 (KHTML, like Gecko) Chrome/48.0.2564.116 Safari/537.36"
::1 - - [Fri, 04 Mar 2016 12:39:19 GMT] "GET /links HTTP/1.1" 304 - "http://localhost:3000/login" "Mozilla/5.0 (Macintosh; Intel Mac OS X 10_11_2) AppleWebKit/537.36 (KHTML, like Gecko) Chrome/48.0.2564.116 Safari/537.36"
::1 - - [Fri, 04 Mar 2016 12:39:20 GMT] "GET /stylesheets/style.css HTTP/1.1" 304 - "http://localhost:3000/links" "Mozilla/5.0 (Macintosh; Intel Mac OS X 10_11_2) AppleWebKit/537.36 (KHTML, like Gecko) Chrome/48.0.2564.116 Safari/537.36"
::1 - - [Fri, 04 Mar 2016 12:39:20 GMT] "GET /favicon.ico HTTP/1.1" 304 - "http://localhost:3000/links" "Mozilla/5.0 (Macintosh; Intel Mac OS X 10_11_2) AppleWebKit/537.36 (KHTML, like Gecko) Chrome/48.0.2564.116 Safari/537.36"
::1 - - [Fri, 04 Mar 2016 12:39:22 GMT] "GET /links HTTP/1.1" 304 - "http://localhost:3000/links" "Mozilla/5.0 (Macintosh; Intel Mac OS X 10_11_2) AppleWebKit/537.36 (KHTML, like Gecko) Chrome/48.0.2564.116 Safari/537.36"
::1 - - [Fri, 04 Mar 2016 12:39:22 GMT] "GET /stylesheets/style.css HTTP/1.1" 304 - "http://localhost:3000/links" "Mozilla/5.0 (Macintosh; Intel Mac OS X 10_11_2) AppleWebKit/537.36 (KHTML, like Gecko) Chrome/48.0.2564.116 Safari/537.36"
::1 - - [Fri, 04 Mar 2016 12:39:22 GMT] "GET /favicon.ico HTTP/1.1" 304 - "http://localhost:3000/links" "Mozilla/5.0 (Macintosh; Intel Mac OS X 10_11_2) AppleWebKit/537.36 (KHTML, like Gecko) Chrome/48.0.2564.116 Safari/537.36"
::1 - - [Fri, 04 Mar 2016 12:39:23 GMT] "GET /login HTTP/1.1" 304 - "http://localhost:3000/links" "Mozilla/5.0 (Macintosh; Intel Mac OS X 10_11_2) AppleWebKit/537.36 (KHTML, like Gecko) Chrome/48.0.2564.116 Safari/537.36"
::1 - - [Fri, 04 Mar 2016 12:39:23 GMT] "GET /stylesheets/style.css HTTP/1.1" 304 - "http://localhost:3000/login" "Mozilla/5.0 (Macintosh; Intel Mac OS X 10_11_2) AppleWebKit/537.36 (KHTML, like Gecko) Chrome/48.0.2564.116 Safari/537.36"
::1 - - [Fri, 04 Mar 2016 12:39:24 GMT] "GET /favicon.ico HTTP/1.1" 304 - "http://localhost:3000/login" "Mozilla/5.0 (Macintosh; Intel Mac OS X 10_11_2) AppleWebKit/537.36 (KHTML, like Gecko) Chrome/48.0.2564.116 Safari/537.36"
::1 - - [Fri, 04 Mar 2016 12:39:24 GMT] "GET /tags HTTP/1.1" 302 46 "http://localhost:3000/login" "Mozilla/5.0 (Macintosh; Intel Mac OS X 10_11_2) AppleWebKit/537.36 (KHTML, like Gecko) Chrome/48.0.2564.116 Safari/537.36"
::1 - - [Fri, 04 Mar 2016 12:39:24 GMT] "GET / HTTP/1.1" 200 919 "http://localhost:3000/login" "Mozilla/5.0 (Macintosh; Intel Mac OS X 10_11_2) AppleWebKit/537.36 (KHTML, like Gecko) Chrome/48.0.2564.116 Safari/537.36"
::1 - - [Fri, 04 Mar 2016 12:39:25 GMT] "GET /stylesheets/style.css HTTP/1.1" 304 - "http://localhost:3000/" "Mozilla/5.0 (Macintosh; Intel Mac OS X 10_11_2) AppleWebKit/537.36 (KHTML, like Gecko) Chrome/48.0.2564.116 Safari/537.36"
::1 - - [Fri, 04 Mar 2016 12:39:25 GMT] "GET /favicon.ico HTTP/1.1" 304 - "http://localhost:3000/" "Mozilla/5.0 (Macintosh; Intel Mac OS X 10_11_2) AppleWebKit/537.36 (KHTML, like Gecko) Chrome/48.0.2564.116 Safari/537.36"
::1 - - [Fri, 04 Mar 2016 12:39:26 GMT] "GET /archive HTTP/1.1" 302 46 "http://localhost:3000/" "Mozilla/5.0 (Macintosh; Intel Mac OS X 10_11_2) AppleWebKit/537.36 (KHTML, like Gecko) Chrome/48.0.2564.116 Safari/537.36"
::1 - - [Fri, 04 Mar 2016 12:39:26 GMT] "GET / HTTP/1.1" 304 - "http://localhost:3000/" "Mozilla/5.0 (Macintosh; Intel Mac OS X 10_11_2) AppleWebKit/537.36 (KHTML, like Gecko) Chrome/48.0.2564.116 Safari/537.36"
::1 - - [Fri, 04 Mar 2016 12:39:26 GMT] "GET /stylesheets/style.css HTTP/1.1" 304 - "http://localhost:3000/" "Mozilla/5.0 (Macintosh; Intel Mac OS X 10_11_2) AppleWebKit/537.36 (KHTML, like Gecko) Chrome/48.0.2564.116 Safari/537.36"
::1 - - [Fri, 04 Mar 2016 12:39:26 GMT] "GET /favicon.ico HTTP/1.1" 304 - "http://localhost:3000/" "Mozilla/5.0 (Macintosh; Intel Mac OS X 10_11_2) AppleWebKit/537.36 (KHTML, like Gecko) Chrome/48.0.2564.116 Safari/537.36"
::1 - - [Fri, 04 Mar 2016 12:39:27 GMT] "GET / HTTP/1.1" 200 882 "http://localhost:3000/" "Mozilla/5.0 (Macintosh; Intel Mac OS X 10_11_2) AppleWebKit/537.36 (KHTML, like Gecko) Chrome/48.0.2564.116 Safari/537.36"
::1 - - [Fri, 04 Mar 2016 12:39:27 GMT] "GET /stylesheets/style.css HTTP/1.1" 304 - "http://localhost:3000/" "Mozilla/5.0 (Macintosh; Intel Mac OS X 10_11_2) AppleWebKit/537.36 (KHTML, like Gecko) Chrome/48.0.2564.116 Safari/537.36"
::1 - - [Fri, 04 Mar 2016 12:39:28 GMT] "GET /favicon.ico HTTP/1.1" 304 - "http://localhost:3000/" "Mozilla/5.0 (Macintosh; Intel Mac OS X 10_11_2) AppleWebKit/537.36 (KHTML, like Gecko) Chrome/48.0.2564.116 Safari/537.36"
::1 - - [Fri, 04 Mar 2016 12:39:28 GMT] "GET /archive HTTP/1.1" 302 46 "http://localhost:3000/" "Mozilla/5.0 (Macintosh; Intel Mac OS X 10_11_2) AppleWebKit/537.36 (KHTML, like Gecko) Chrome/48.0.2564.116 Safari/537.36"
::1 - - [Fri, 04 Mar 2016 12:39:28 GMT] "GET / HTTP/1.1" 200 919 "http://localhost:3000/" "Mozilla/5.0 (Macintosh; Intel Mac OS X 10_11_2) AppleWebKit/537.36 (KHTML, like Gecko) Chrome/48.0.2564.116 Safari/537.36"
::1 - - [Fri, 04 Mar 2016 12:39:28 GMT] "GET /stylesheets/style.css HTTP/1.1" 304 - "http://localhost:3000/" "Mozilla/5.0 (Macintosh; Intel Mac OS X 10_11_2) AppleWebKit/537.36 (KHTML, like Gecko) Chrome/48.0.2564.116 Safari/537.36"
::1 - - [Fri, 04 Mar 2016 12:39:28 GMT] "GET /favicon.ico HTTP/1.1" 304 - "http://localhost:3000/" "Mozilla/5.0 (Macintosh; Intel Mac OS X 10_11_2) AppleWebKit/537.36 (KHTML, like Gecko) Chrome/48.0.2564.116 Safari/537.36"
::1 - - [Fri, 04 Mar 2016 12:39:46 GMT] "GET /?p=2 HTTP/1.1" 304 - "http://localhost:3000/" "Mozilla/5.0 (Macintosh; Intel Mac OS X 10_11_2) AppleWebKit/537.36 (KHTML, like Gecko) Chrome/48.0.2564.116 Safari/537.36"
::1 - - [Fri, 04 Mar 2016 12:39:46 GMT] "GET /stylesheets/style.css HTTP/1.1" 304 - "http://localhost:3000/?p=2" "Mozilla/5.0 (Macintosh; Intel Mac OS X 10_11_2) AppleWebKit/537.36 (KHTML, like Gecko) Chrome/48.0.2564.116 Safari/537.36"
::1 - - [Fri, 04 Mar 2016 12:39:46 GMT] "GET /favicon.ico HTTP/1.1" 304 - "http://localhost:3000/?p=2" "Mozilla/5.0 (Macintosh; Intel Mac OS X 10_11_2) AppleWebKit/537.36 (KHTML, like Gecko) Chrome/48.0.2564.116 Safari/537.36"
::1 - - [Fri, 04 Mar 2016 12:39:48 GMT] "GET /?p=3 HTTP/1.1" 304 - "http://localhost:3000/?p=2" "Mozilla/5.0 (Macintosh; Intel Mac OS X 10_11_2) AppleWebKit/537.36 (KHTML, like Gecko) Chrome/48.0.2564.116 Safari/537.36"
::1 - - [Fri, 04 Mar 2016 12:39:48 GMT] "GET /stylesheets/style.css HTTP/1.1" 304 - "http://localhost:3000/?p=3" "Mozilla/5.0 (Macintosh; Intel Mac OS X 10_11_2) AppleWebKit/537.36 (KHTML, like Gecko) Chrome/48.0.2564.116 Safari/537.36"
::1 - - [Fri, 04 Mar 2016 12:39:48 GMT] "GET /favicon.ico HTTP/1.1" 304 - "http://localhost:3000/?p=3" "Mozilla/5.0 (Macintosh; Intel Mac OS X 10_11_2) AppleWebKit/537.36 (KHTML, like Gecko) Chrome/48.0.2564.116 Safari/537.36"
::1 - - [Fri, 04 Mar 2016 12:39:49 GMT] "GET /?p=2 HTTP/1.1" 304 - "http://localhost:3000/?p=3" "Mozilla/5.0 (Macintosh; Intel Mac OS X 10_11_2) AppleWebKit/537.36 (KHTML, like Gecko) Chrome/48.0.2564.116 Safari/537.36"
::1 - - [Fri, 04 Mar 2016 12:39:49 GMT] "GET /stylesheets/style.css HTTP/1.1" 304 - "http://localhost:3000/?p=2" "Mozilla/5.0 (Macintosh; Intel Mac OS X 10_11_2) AppleWebKit/537.36 (KHTML, like Gecko) Chrome/48.0.2564.116 Safari/537.36"
::1 - - [Fri, 04 Mar 2016 12:39:49 GMT] "GET /favicon.ico HTTP/1.1" 304 - "http://localhost:3000/?p=2" "Mozilla/5.0 (Macintosh; Intel Mac OS X 10_11_2) AppleWebKit/537.36 (KHTML, like Gecko) Chrome/48.0.2564.116 Safari/537.36"
